<?xml version="1.0" encoding="UTF-8"?>
<coverage generated="1779639433759" clover="3.2.0">
  <project timestamp="1779639433759" name="All files">
    <metrics statements="287" coveredstatements="265" conditionals="108" coveredconditionals="91" methods="92" coveredmethods="83" elements="487" coveredelements="439" complexity="0" loc="287" ncloc="287" packages="7" files="25" classes="25"/>
    <package name="src">
      <metrics statements="33" coveredstatements="29" conditionals="9" coveredconditionals="8" methods="7" coveredmethods="5"/>
      <file name="App.tsx" path="C:\Users\Lenovo\Desktop\state- management\src\App.tsx">
        <metrics statements="6" coveredstatements="6" conditionals="2" coveredconditionals="2" methods="2" coveredmethods="2"/>
        <line num="9" count="1" type="stmt"/>
        <line num="10" count="43" type="stmt"/>
        <line num="12" count="43" type="cond" truecount="2" falsecount="0"/>
        <line num="13" count="4" type="stmt"/>
        <line num="16" count="38" type="stmt"/>
        <line num="18" count="2" type="stmt"/>
      </file>
      <file name="api.ts" path="C:\Users\Lenovo\Desktop\state- management\src\api.ts">
        <metrics statements="25" coveredstatements="23" conditionals="6" coveredconditionals="6" methods="4" coveredmethods="3"/>
        <line num="3" count="1" type="stmt"/>
        <line num="4" count="1" type="stmt"/>
        <line num="11" count="1" type="stmt"/>
        <line num="12" count="7" type="stmt"/>
        <line num="13" count="7" type="stmt"/>
        <line num="18" count="7" type="cond" truecount="2" falsecount="0"/>
        <line num="19" count="2" type="stmt"/>
        <line num="20" count="2" type="stmt"/>
        <line num="23" count="5" type="stmt"/>
        <line num="26" count="1" type="stmt"/>
        <line num="30" count="7" type="stmt"/>
        <line num="31" count="7" type="stmt"/>
        <line num="33" count="6" type="cond" truecount="2" falsecount="0"/>
        <line num="34" count="2" type="stmt"/>
        <line num="37" count="4" type="stmt"/>
        <line num="38" count="4" type="stmt"/>
        <line num="41" count="1" type="stmt"/>
        <line num="42" count="3" type="stmt"/>
        <line num="44" count="3" type="cond" truecount="2" falsecount="0"/>
        <line num="45" count="1" type="stmt"/>
        <line num="48" count="2" type="stmt"/>
        <line num="49" count="2" type="stmt"/>
        <line num="57" count="1" type="stmt"/>
        <line num="58" count="0" type="stmt"/>
        <line num="59" count="0" type="stmt"/>
      </file>
      <file name="testUtils.tsx" path="C:\Users\Lenovo\Desktop\state- management\src\testUtils.tsx">
        <metrics statements="2" coveredstatements="0" conditionals="1" coveredconditionals="0" methods="1" coveredmethods="0"/>
        <line num="10" count="0" type="stmt"/>
        <line num="12" count="0" type="cond" truecount="0" falsecount="1"/>
      </file>
      <file name="types.ts" path="C:\Users\Lenovo\Desktop\state- management\src\types.ts">
        <metrics statements="0" coveredstatements="0" conditionals="0" coveredconditionals="0" methods="0" coveredmethods="0"/>
      </file>
    </package>
    <package name="src.components">
      <metrics statements="65" coveredstatements="60" conditionals="29" coveredconditionals="25" methods="32" coveredmethods="29"/>
      <file name="AppLayout.tsx" path="C:\Users\Lenovo\Desktop\state- management\src\components\AppLayout.tsx">
        <metrics statements="4" coveredstatements="4" conditionals="2" coveredconditionals="2" methods="2" coveredmethods="2"/>
        <line num="10" count="1" type="stmt"/>
        <line num="11" count="206" type="stmt"/>
        <line num="17" count="1" type="stmt"/>
        <line num="18" count="38" type="stmt"/>
      </file>
      <file name="Card.tsx" path="C:\Users\Lenovo\Desktop\state- management\src\components\Card.tsx">
        <metrics statements="12" coveredstatements="9" conditionals="10" coveredconditionals="6" methods="5" coveredmethods="4"/>
        <line num="12" count="3" type="stmt"/>
        <line num="19" count="319" type="stmt"/>
        <line num="20" count="3" type="stmt"/>
        <line num="23" count="319" type="stmt"/>
        <line num="24" count="10" type="stmt"/>
        <line num="27" count="319" type="stmt"/>
        <line num="28" count="10" type="stmt"/>
        <line num="31" count="319" type="stmt"/>
        <line num="32" count="0" type="cond" truecount="0" falsecount="4"/>
        <line num="33" count="0" type="stmt"/>
        <line num="34" count="0" type="stmt"/>
        <line num="38" count="319" type="stmt"/>
      </file>
      <file name="CardList.tsx" path="C:\Users\Lenovo\Desktop\state- management\src\components\CardList.tsx">
        <metrics statements="5" coveredstatements="5" conditionals="4" coveredconditionals="4" methods="2" coveredmethods="2"/>
        <line num="12" count="2" type="stmt"/>
        <line num="19" count="195" type="cond" truecount="2" falsecount="0"/>
        <line num="20" count="41" type="stmt"/>
        <line num="27" count="154" type="stmt"/>
        <line num="30" count="310" type="stmt"/>
      </file>
      <file name="ErrorBoundary.tsx" path="C:\Users\Lenovo\Desktop\state- management\src\components\ErrorBoundary.tsx">
        <metrics statements="6" coveredstatements="6" conditionals="2" coveredconditionals="2" methods="3" coveredmethods="3"/>
        <line num="12" count="13" type="stmt"/>
        <line num="17" count="14" type="stmt"/>
        <line num="21" count="7" type="stmt"/>
        <line num="25" count="27" type="cond" truecount="2" falsecount="0"/>
        <line num="26" count="14" type="stmt"/>
        <line num="38" count="13" type="stmt"/>
      </file>
      <file name="ErrorMessage.tsx" path="C:\Users\Lenovo\Desktop\state- management\src\components\ErrorMessage.tsx">
        <metrics statements="2" coveredstatements="2" conditionals="0" coveredconditionals="0" methods="1" coveredmethods="1"/>
        <line num="5" count="2" type="stmt"/>
        <line num="6" count="18" type="stmt"/>
      </file>
      <file name="Header.tsx" path="C:\Users\Lenovo\Desktop\state- management\src\components\Header.tsx">
        <metrics statements="2" coveredstatements="2" conditionals="0" coveredconditionals="0" methods="1" coveredmethods="1"/>
        <line num="5" count="2" type="stmt"/>
        <line num="6" count="41" type="stmt"/>
      </file>
      <file name="LoadingIndicator.tsx" path="C:\Users\Lenovo\Desktop\state- management\src\components\LoadingIndicator.tsx">
        <metrics statements="2" coveredstatements="2" conditionals="1" coveredconditionals="1" methods="1" coveredmethods="1"/>
        <line num="5" count="2" type="cond" truecount="1" falsecount="0"/>
        <line num="6" count="61" type="stmt"/>
      </file>
      <file name="Main.tsx" path="C:\Users\Lenovo\Desktop\state- management\src\components\Main.tsx">
        <metrics statements="2" coveredstatements="2" conditionals="0" coveredconditionals="0" methods="1" coveredmethods="1"/>
        <line num="7" count="2" type="stmt"/>
        <line num="8" count="265" type="stmt"/>
      </file>
      <file name="Pagination.tsx" path="C:\Users\Lenovo\Desktop\state- management\src\components\Pagination.tsx">
        <metrics statements="9" coveredstatements="7" conditionals="6" coveredconditionals="6" methods="6" coveredmethods="4"/>
        <line num="7" count="2" type="stmt"/>
        <line num="8" count="155" type="cond" truecount="2" falsecount="0"/>
        <line num="9" count="142" type="stmt"/>
        <line num="12" count="39" type="stmt"/>
        <line num="14" count="13" type="stmt"/>
        <line num="19" count="0" type="stmt"/>
        <line num="26" count="39" type="stmt"/>
        <line num="34" count="2" type="stmt"/>
        <line num="44" count="0" type="stmt"/>
      </file>
      <file name="Search.tsx" path="C:\Users\Lenovo\Desktop\state- management\src\components\Search.tsx">
        <metrics statements="4" coveredstatements="4" conditionals="0" coveredconditionals="0" methods="2" coveredmethods="2"/>
        <line num="9" count="2" type="stmt"/>
        <line num="10" count="265" type="stmt"/>
        <line num="11" count="51" type="stmt"/>
        <line num="14" count="265" type="stmt"/>
      </file>
      <file name="SelectedItemsFlyout.tsx" path="C:\Users\Lenovo\Desktop\state- management\src\components\SelectedItemsFlyout.tsx">
        <metrics statements="11" coveredstatements="11" conditionals="4" coveredconditionals="4" methods="5" coveredmethods="5"/>
        <line num="5" count="2" type="stmt"/>
        <line num="6" count="166" type="stmt"/>
        <line num="7" count="166" type="stmt"/>
        <line num="8" count="52" type="stmt"/>
        <line num="9" count="52" type="stmt"/>
        <line num="12" count="52" type="stmt"/>
        <line num="14" count="52" type="cond" truecount="2" falsecount="0"/>
        <line num="15" count="42" type="stmt"/>
        <line num="18" count="10" type="stmt"/>
        <line num="19" count="2" type="stmt"/>
        <line num="22" count="10" type="stmt"/>
      </file>
      <file name="ThemeToggle.tsx" path="C:\Users\Lenovo\Desktop\state- management\src\components\ThemeToggle.tsx">
        <metrics statements="6" coveredstatements="6" conditionals="0" coveredconditionals="0" methods="3" coveredmethods="3"/>
        <line num="3" count="2" type="stmt"/>
        <line num="8" count="2" type="stmt"/>
        <line num="9" count="42" type="stmt"/>
        <line num="11" count="42" type="stmt"/>
        <line num="18" count="84" type="stmt"/>
        <line num="27" count="2" type="stmt"/>
      </file>
    </package>
    <package name="src.context">
      <metrics statements="16" coveredstatements="16" conditionals="2" coveredconditionals="2" methods="5" coveredmethods="5"/>
      <file name="ThemeContext.tsx" path="C:\Users\Lenovo\Desktop\state- management\src\context\ThemeContext.tsx">
        <metrics statements="16" coveredstatements="16" conditionals="2" coveredconditionals="2" methods="5" coveredmethods="5"/>
        <line num="18" count="3" type="stmt"/>
        <line num="24" count="3" type="stmt"/>
        <line num="25" count="46" type="stmt"/>
        <line num="27" count="46" type="stmt"/>
        <line num="28" count="45" type="stmt"/>
        <line num="29" count="45" type="stmt"/>
        <line num="32" count="46" type="stmt"/>
        <line num="33" count="3" type="stmt"/>
        <line num="36" count="46" type="stmt"/>
        <line num="37" count="45" type="stmt"/>
        <line num="44" count="46" type="stmt"/>
        <line num="47" count="3" type="stmt"/>
        <line num="48" count="48" type="stmt"/>
        <line num="49" count="48" type="cond" truecount="2" falsecount="0"/>
        <line num="50" count="2" type="stmt"/>
        <line num="52" count="45" type="stmt"/>
      </file>
    </package>
    <package name="src.hooks">
      <metrics statements="11" coveredstatements="11" conditionals="4" coveredconditionals="3" methods="4" coveredmethods="4"/>
      <file name="useLocalStorage.ts" path="C:\Users\Lenovo\Desktop\state- management\src\hooks\useLocalStorage.ts">
        <metrics statements="11" coveredstatements="11" conditionals="4" coveredconditionals="3" methods="4" coveredmethods="4"/>
        <line num="3" count="2" type="stmt"/>
        <line num="4" count="264" type="stmt"/>
        <line num="5" count="42" type="stmt"/>
        <line num="6" count="42" type="cond" truecount="2" falsecount="0"/>
        <line num="9" count="264" type="stmt"/>
        <line num="11" count="8" type="stmt"/>
        <line num="12" count="8" type="stmt"/>
        <line num="17" count="264" type="stmt"/>
        <line num="18" count="1" type="stmt"/>
        <line num="19" count="1" type="cond" truecount="1" falsecount="1"/>
        <line num="22" count="264" type="stmt"/>
      </file>
    </package>
    <package name="src.pages">
      <metrics statements="126" coveredstatements="115" conditionals="57" coveredconditionals="47" methods="34" coveredmethods="31"/>
      <file name="AboutPage.tsx" path="C:\Users\Lenovo\Desktop\state- management\src\pages\AboutPage.tsx">
        <metrics statements="2" coveredstatements="2" conditionals="0" coveredconditionals="0" methods="1" coveredmethods="1"/>
        <line num="3" count="1" type="stmt"/>
        <line num="4" count="2" type="stmt"/>
      </file>
      <file name="DetailsPanel.tsx" path="C:\Users\Lenovo\Desktop\state- management\src\pages\DetailsPanel.tsx">
        <metrics statements="32" coveredstatements="27" conditionals="15" coveredconditionals="13" methods="5" coveredmethods="4"/>
        <line num="12" count="1" type="stmt"/>
        <line num="13" count="264" type="stmt"/>
        <line num="14" count="264" type="stmt"/>
        <line num="15" count="264" type="stmt"/>
        <line num="17" count="264" type="stmt"/>
        <line num="18" count="264" type="stmt"/>
        <line num="19" count="264" type="stmt"/>
        <line num="21" count="264" type="stmt"/>
        <line num="22" count="41" type="cond" truecount="2" falsecount="0"/>
        <line num="23" count="38" type="stmt"/>
        <line num="24" count="38" type="stmt"/>
        <line num="25" count="38" type="stmt"/>
        <line num="28" count="3" type="stmt"/>
        <line num="29" count="3" type="cond" truecount="1" falsecount="1"/>
        <line num="30" count="0" type="stmt"/>
        <line num="31" count="0" type="stmt"/>
        <line num="32" count="0" type="stmt"/>
        <line num="35" count="3" type="stmt"/>
        <line num="36" count="3" type="stmt"/>
        <line num="37" count="3" type="stmt"/>
        <line num="38" count="3" type="stmt"/>
        <line num="40" count="3" type="stmt"/>
        <line num="41" count="3" type="stmt"/>
        <line num="42" count="3" type="stmt"/>
        <line num="44" count="0" type="stmt"/>
        <line num="46" count="3" type="stmt"/>
        <line num="50" count="3" type="stmt"/>
        <line num="53" count="264" type="cond" truecount="2" falsecount="0"/>
        <line num="54" count="255" type="stmt"/>
        <line num="57" count="9" type="stmt"/>
        <line num="61" count="1" type="stmt"/>
        <line num="62" count="0" type="stmt"/>
      </file>
      <file name="HomePage.tsx" path="C:\Users\Lenovo\Desktop\state- management\src\pages\HomePage.tsx">
        <metrics statements="90" coveredstatements="84" conditionals="42" coveredconditionals="34" methods="27" coveredmethods="25"/>
        <line num="14" count="1" type="stmt"/>
        <line num="16" count="1" type="stmt"/>
        <line num="17" count="259" type="cond" truecount="2" falsecount="0"/>
        <line num="18" count="259" type="cond" truecount="3" falsecount="1"/>
        <line num="21" count="1" type="stmt"/>
        <line num="22" count="259" type="stmt"/>
        <line num="23" count="849" type="stmt"/>
        <line num="24" count="849" type="stmt"/>
        <line num="25" count="259" type="stmt"/>
        <line num="26" count="47" type="stmt"/>
        <line num="29" count="259" type="stmt"/>
        <line num="32" count="259" type="stmt"/>
        <line num="33" count="259" type="stmt"/>
        <line num="34" count="259" type="cond" truecount="2" falsecount="0"/>
        <line num="36" count="259" type="stmt"/>
        <line num="37" count="259" type="stmt"/>
        <line num="38" count="259" type="stmt"/>
        <line num="39" count="259" type="stmt"/>
        <line num="40" count="259" type="stmt"/>
        <line num="41" count="259" type="stmt"/>
        <line num="43" count="259" type="stmt"/>
        <line num="45" count="62" type="stmt"/>
        <line num="47" count="62" type="stmt"/>
        <line num="48" count="62" type="stmt"/>
        <line num="49" count="62" type="cond" truecount="1" falsecount="1"/>
        <line num="50" count="0" type="stmt"/>
        <line num="52" count="62" type="stmt"/>
        <line num="60" count="259" type="stmt"/>
        <line num="61" count="44" type="cond" truecount="2" falsecount="0"/>
        <line num="62" count="1" type="stmt"/>
        <line num="63" count="1" type="stmt"/>
        <line num="68" count="259" type="stmt"/>
        <line num="69" count="47" type="stmt"/>
        <line num="70" count="47" type="stmt"/>
        <line num="72" count="47" type="stmt"/>
        <line num="73" count="47" type="stmt"/>
        <line num="74" count="43" type="stmt"/>
        <line num="75" count="43" type="stmt"/>
        <line num="77" count="4" type="stmt"/>
        <line num="78" count="4" type="stmt"/>
        <line num="79" count="4" type="stmt"/>
        <line num="81" count="47" type="stmt"/>
        <line num="85" count="259" type="stmt"/>
        <line num="86" count="47" type="stmt"/>
        <line num="89" count="259" type="stmt"/>
        <line num="91" count="259" type="stmt"/>
        <line num="92" count="137" type="cond" truecount="4" falsecount="1"/>
        <line num="93" count="0" type="stmt"/>
        <line num="94" count="0" type="stmt"/>
        <line num="99" count="259" type="stmt"/>
        <line num="100" count="50" type="stmt"/>
        <line num="101" count="50" type="stmt"/>
        <line num="102" count="50" type="stmt"/>
        <line num="103" count="50" type="stmt"/>
        <line num="107" count="259" type="stmt"/>
        <line num="108" count="8" type="stmt"/>
        <line num="110" count="8" type="cond" truecount="2" falsecount="0"/>
        <line num="111" count="1" type="stmt"/>
        <line num="114" count="7" type="stmt"/>
        <line num="115" count="7" type="stmt"/>
        <line num="116" count="7" type="stmt"/>
        <line num="117" count="7" type="stmt"/>
        <line num="118" count="7" type="stmt"/>
        <line num="119" count="7" type="stmt"/>
        <line num="123" count="259" type="stmt"/>
        <line num="124" count="1" type="stmt"/>
        <line num="125" count="1" type="stmt"/>
        <line num="129" count="259" type="stmt"/>
        <line num="130" count="2" type="stmt"/>
        <line num="131" count="2" type="stmt"/>
        <line num="135" count="259" type="stmt"/>
        <line num="136" count="8" type="stmt"/>
        <line num="139" count="259" type="stmt"/>
        <line num="140" count="1" type="stmt"/>
        <line num="141" count="1" type="stmt"/>
        <line num="145" count="259" type="stmt"/>
        <line num="146" count="3" type="cond" truecount="1" falsecount="1"/>
        <line num="147" count="0" type="stmt"/>
        <line num="151" count="259" type="cond" truecount="3" falsecount="0"/>
        <line num="152" count="259" type="stmt"/>
        <line num="154" count="259" type="stmt"/>
        <line num="156" count="259" type="stmt"/>
        <line num="157" count="259" type="cond" truecount="2" falsecount="0"/>
        <line num="158" count="55" type="stmt"/>
        <line num="161" count="204" type="cond" truecount="2" falsecount="0"/>
        <line num="162" count="15" type="stmt"/>
        <line num="165" count="189" type="stmt"/>
        <line num="185" count="259" type="stmt"/>
        <line num="203" count="0" type="cond" truecount="0" falsecount="4"/>
        <line num="204" count="0" type="stmt"/>
      </file>
      <file name="NotFoundPage.tsx" path="C:\Users\Lenovo\Desktop\state- management\src\pages\NotFoundPage.tsx">
        <metrics statements="2" coveredstatements="2" conditionals="0" coveredconditionals="0" methods="1" coveredmethods="1"/>
        <line num="4" count="1" type="stmt"/>
        <line num="5" count="1" type="stmt"/>
      </file>
    </package>
    <package name="src.store">
      <metrics statements="11" coveredstatements="10" conditionals="2" coveredconditionals="2" methods="6" coveredmethods="5"/>
      <file name="selectedItemsStore.ts" path="C:\Users\Lenovo\Desktop\state- management\src\store\selectedItemsStore.ts">
        <metrics statements="11" coveredstatements="10" conditionals="2" coveredconditionals="2" methods="6" coveredmethods="5"/>
        <line num="11" count="3" type="stmt"/>
        <line num="14" count="15" type="stmt"/>
        <line num="15" count="15" type="stmt"/>
        <line num="16" count="15" type="cond" truecount="2" falsecount="0"/>
        <line num="17" count="2" type="stmt"/>
        <line num="19" count="13" type="stmt"/>
        <line num="21" count="15" type="stmt"/>
        <line num="23" count="3" type="stmt"/>
        <line num="24" count="6" type="stmt"/>
        <line num="27" count="3" type="stmt"/>
        <line num="28" count="0" type="stmt"/>
      </file>
    </package>
    <package name="src.utils">
      <metrics statements="25" coveredstatements="24" conditionals="5" coveredconditionals="4" methods="4" coveredmethods="4"/>
      <file name="downloadCsv.ts" path="C:\Users\Lenovo\Desktop\state- management\src\utils\downloadCsv.ts">
        <metrics statements="20" coveredstatements="19" conditionals="4" coveredconditionals="3" methods="3" coveredmethods="3"/>
        <line num="4" count="1" type="stmt"/>
        <line num="5" count="6" type="cond" truecount="1" falsecount="1"/>
        <line num="6" count="0" type="stmt"/>
        <line num="8" count="6" type="stmt"/>
        <line num="11" count="1" type="stmt"/>
        <line num="12" count="2" type="stmt"/>
        <line num="13" count="2" type="stmt"/>
        <line num="21" count="1" type="stmt"/>
        <line num="22" count="2" type="cond" truecount="2" falsecount="0"/>
        <line num="23" count="1" type="stmt"/>
        <line num="26" count="1" type="stmt"/>
        <line num="27" count="1" type="stmt"/>
        <line num="28" count="1" type="stmt"/>
        <line num="29" count="1" type="stmt"/>
        <line num="30" count="1" type="stmt"/>
        <line num="31" count="1" type="stmt"/>
        <line num="32" count="1" type="stmt"/>
        <line num="33" count="1" type="stmt"/>
        <line num="34" count="1" type="stmt"/>
        <line num="35" count="1" type="stmt"/>
      </file>
      <file name="productDetailsUrl.ts" path="C:\Users\Lenovo\Desktop\state- management\src\utils\productDetailsUrl.ts">
        <metrics statements="5" coveredstatements="5" conditionals="1" coveredconditionals="1" methods="1" coveredmethods="1"/>
        <line num="1" count="2" type="cond" truecount="1" falsecount="0"/>
        <line num="2" count="3" type="stmt"/>
        <line num="3" count="3" type="stmt"/>
        <line num="4" count="3" type="stmt"/>
        <line num="5" count="3" type="stmt"/>
      </file>
    </package>
  </project>
</coverage>
