<?xml version="1.0" encoding="UTF-8"?>
<coverage generated="1779039171353" clover="3.2.0">
  <project timestamp="1779039171353" name="All files">
    <metrics statements="206" coveredstatements="182" conditionals="90" coveredconditionals="71" methods="62" coveredmethods="54" elements="358" coveredelements="307" complexity="0" loc="206" ncloc="206" packages="4" files="18" classes="18"/>
    <package name="src">
      <metrics statements="31" coveredstatements="29" conditionals="8" coveredconditionals="8" methods="6" coveredmethods="5"/>
      <file name="App.tsx" path="C:\Users\Lenovo\Desktop\search\src\App.tsx">
        <metrics statements="6" coveredstatements="6" conditionals="2" coveredconditionals="2" methods="2" coveredmethods="2"/>
        <line num="9" count="1" type="stmt"/>
        <line num="10" count="34" type="stmt"/>
        <line num="12" count="34" type="cond" truecount="2" falsecount="0"/>
        <line num="13" count="4" type="stmt"/>
        <line num="16" count="29" type="stmt"/>
        <line num="18" count="2" type="stmt"/>
      </file>
      <file name="api.ts" path="C:\Users\Lenovo\Desktop\search\src\api.ts">
        <metrics statements="25" coveredstatements="23" conditionals="6" coveredconditionals="6" methods="4" coveredmethods="3"/>
        <line num="3" count="1" type="stmt"/>
        <line num="4" count="1" type="stmt"/>
        <line num="11" count="1" type="stmt"/>
        <line num="12" count="7" type="stmt"/>
        <line num="13" count="7" type="stmt"/>
        <line num="18" count="7" type="cond" truecount="2" falsecount="0"/>
        <line num="19" count="2" type="stmt"/>
        <line num="20" count="2" type="stmt"/>
        <line num="23" count="5" type="stmt"/>
        <line num="26" count="1" type="stmt"/>
        <line num="30" count="7" type="stmt"/>
        <line num="31" count="7" type="stmt"/>
        <line num="33" count="6" type="cond" truecount="2" falsecount="0"/>
        <line num="34" count="2" type="stmt"/>
        <line num="37" count="4" type="stmt"/>
        <line num="38" count="4" type="stmt"/>
        <line num="41" count="1" type="stmt"/>
        <line num="42" count="3" type="stmt"/>
        <line num="44" count="3" type="cond" truecount="2" falsecount="0"/>
        <line num="45" count="1" type="stmt"/>
        <line num="48" count="2" type="stmt"/>
        <line num="49" count="2" type="stmt"/>
        <line num="57" count="1" type="stmt"/>
        <line num="58" count="0" type="stmt"/>
        <line num="59" count="0" type="stmt"/>
      </file>
      <file name="types.ts" path="C:\Users\Lenovo\Desktop\search\src\types.ts">
        <metrics statements="0" coveredstatements="0" conditionals="0" coveredconditionals="0" methods="0" coveredmethods="0"/>
      </file>
    </package>
    <package name="src.components">
      <metrics statements="44" coveredstatements="39" conditionals="21" coveredconditionals="17" methods="22" coveredmethods="19"/>
      <file name="AppLayout.tsx" path="C:\Users\Lenovo\Desktop\search\src\components\AppLayout.tsx">
        <metrics statements="4" coveredstatements="4" conditionals="2" coveredconditionals="2" methods="2" coveredmethods="2"/>
        <line num="8" count="1" type="stmt"/>
        <line num="9" count="180" type="stmt"/>
        <line num="15" count="1" type="stmt"/>
        <line num="16" count="29" type="stmt"/>
      </file>
      <file name="Card.tsx" path="C:\Users\Lenovo\Desktop\search\src\components\Card.tsx">
        <metrics statements="8" coveredstatements="5" conditionals="7" coveredconditionals="3" methods="3" coveredmethods="2"/>
        <line num="10" count="3" type="cond" truecount="1" falsecount="0"/>
        <line num="11" count="274" type="stmt"/>
        <line num="12" count="1" type="stmt"/>
        <line num="15" count="274" type="stmt"/>
        <line num="16" count="0" type="cond" truecount="0" falsecount="4"/>
        <line num="17" count="0" type="stmt"/>
        <line num="18" count="0" type="stmt"/>
        <line num="22" count="274" type="stmt"/>
      </file>
      <file name="CardList.tsx" path="C:\Users\Lenovo\Desktop\search\src\components\CardList.tsx">
        <metrics statements="5" coveredstatements="5" conditionals="3" coveredconditionals="3" methods="2" coveredmethods="2"/>
        <line num="10" count="2" type="cond" truecount="1" falsecount="0"/>
        <line num="11" count="165" type="cond" truecount="2" falsecount="0"/>
        <line num="12" count="31" type="stmt"/>
        <line num="19" count="134" type="stmt"/>
        <line num="22" count="269" type="stmt"/>
      </file>
      <file name="ErrorBoundary.tsx" path="C:\Users\Lenovo\Desktop\search\src\components\ErrorBoundary.tsx">
        <metrics statements="6" coveredstatements="6" conditionals="2" coveredconditionals="2" methods="3" coveredmethods="3"/>
        <line num="12" count="13" type="stmt"/>
        <line num="17" count="14" type="stmt"/>
        <line num="21" count="7" type="stmt"/>
        <line num="25" count="27" type="cond" truecount="2" falsecount="0"/>
        <line num="26" count="14" type="stmt"/>
        <line num="38" count="13" type="stmt"/>
      </file>
      <file name="ErrorMessage.tsx" path="C:\Users\Lenovo\Desktop\search\src\components\ErrorMessage.tsx">
        <metrics statements="2" coveredstatements="2" conditionals="0" coveredconditionals="0" methods="1" coveredmethods="1"/>
        <line num="5" count="2" type="stmt"/>
        <line num="6" count="18" type="stmt"/>
      </file>
      <file name="Header.tsx" path="C:\Users\Lenovo\Desktop\search\src\components\Header.tsx">
        <metrics statements="2" coveredstatements="2" conditionals="0" coveredconditionals="0" methods="1" coveredmethods="1"/>
        <line num="5" count="2" type="stmt"/>
        <line num="6" count="32" type="stmt"/>
      </file>
      <file name="LoadingIndicator.tsx" path="C:\Users\Lenovo\Desktop\search\src\components\LoadingIndicator.tsx">
        <metrics statements="2" coveredstatements="2" conditionals="1" coveredconditionals="1" methods="1" coveredmethods="1"/>
        <line num="5" count="2" type="cond" truecount="1" falsecount="0"/>
        <line num="6" count="49" type="stmt"/>
      </file>
      <file name="Main.tsx" path="C:\Users\Lenovo\Desktop\search\src\components\Main.tsx">
        <metrics statements="2" coveredstatements="2" conditionals="0" coveredconditionals="0" methods="1" coveredmethods="1"/>
        <line num="7" count="2" type="stmt"/>
        <line num="8" count="224" type="stmt"/>
      </file>
      <file name="Pagination.tsx" path="C:\Users\Lenovo\Desktop\search\src\components\Pagination.tsx">
        <metrics statements="9" coveredstatements="7" conditionals="6" coveredconditionals="6" methods="6" coveredmethods="4"/>
        <line num="7" count="2" type="stmt"/>
        <line num="8" count="136" type="cond" truecount="2" falsecount="0"/>
        <line num="9" count="123" type="stmt"/>
        <line num="12" count="39" type="stmt"/>
        <line num="14" count="13" type="stmt"/>
        <line num="19" count="0" type="stmt"/>
        <line num="26" count="39" type="stmt"/>
        <line num="34" count="2" type="stmt"/>
        <line num="44" count="0" type="stmt"/>
      </file>
      <file name="Search.tsx" path="C:\Users\Lenovo\Desktop\search\src\components\Search.tsx">
        <metrics statements="4" coveredstatements="4" conditionals="0" coveredconditionals="0" methods="2" coveredmethods="2"/>
        <line num="9" count="2" type="stmt"/>
        <line num="10" count="225" type="stmt"/>
        <line num="11" count="51" type="stmt"/>
        <line num="14" count="225" type="stmt"/>
      </file>
    </package>
    <package name="src.hooks">
      <metrics statements="11" coveredstatements="11" conditionals="4" coveredconditionals="3" methods="4" coveredmethods="4"/>
      <file name="useLocalStorage.ts" path="C:\Users\Lenovo\Desktop\search\src\hooks\useLocalStorage.ts">
        <metrics statements="11" coveredstatements="11" conditionals="4" coveredconditionals="3" methods="4" coveredmethods="4"/>
        <line num="3" count="2" type="stmt"/>
        <line num="4" count="224" type="stmt"/>
        <line num="5" count="32" type="stmt"/>
        <line num="6" count="32" type="cond" truecount="2" falsecount="0"/>
        <line num="9" count="224" type="stmt"/>
        <line num="11" count="8" type="stmt"/>
        <line num="12" count="8" type="stmt"/>
        <line num="17" count="224" type="stmt"/>
        <line num="18" count="1" type="stmt"/>
        <line num="19" count="1" type="cond" truecount="1" falsecount="1"/>
        <line num="22" count="224" type="stmt"/>
      </file>
    </package>
    <package name="src.pages">
      <metrics statements="120" coveredstatements="103" conditionals="57" coveredconditionals="43" methods="30" coveredmethods="26"/>
      <file name="AboutPage.tsx" path="C:\Users\Lenovo\Desktop\search\src\pages\AboutPage.tsx">
        <metrics statements="2" coveredstatements="2" conditionals="0" coveredconditionals="0" methods="1" coveredmethods="1"/>
        <line num="3" count="1" type="stmt"/>
        <line num="4" count="1" type="stmt"/>
      </file>
      <file name="DetailsPanel.tsx" path="C:\Users\Lenovo\Desktop\search\src\pages\DetailsPanel.tsx">
        <metrics statements="32" coveredstatements="23" conditionals="15" coveredconditionals="11" methods="5" coveredmethods="4"/>
        <line num="12" count="1" type="stmt"/>
        <line num="13" count="6" type="stmt"/>
        <line num="14" count="6" type="stmt"/>
        <line num="15" count="6" type="stmt"/>
        <line num="17" count="6" type="stmt"/>
        <line num="18" count="6" type="stmt"/>
        <line num="19" count="6" type="stmt"/>
        <line num="21" count="6" type="stmt"/>
        <line num="22" count="2" type="cond" truecount="1" falsecount="1"/>
        <line num="23" count="0" type="stmt"/>
        <line num="24" count="0" type="stmt"/>
        <line num="25" count="0" type="stmt"/>
        <line num="28" count="2" type="stmt"/>
        <line num="29" count="2" type="cond" truecount="1" falsecount="1"/>
        <line num="30" count="0" type="stmt"/>
        <line num="31" count="0" type="stmt"/>
        <line num="32" count="0" type="stmt"/>
        <line num="35" count="2" type="stmt"/>
        <line num="36" count="2" type="stmt"/>
        <line num="37" count="2" type="stmt"/>
        <line num="38" count="2" type="stmt"/>
        <line num="40" count="2" type="stmt"/>
        <line num="41" count="2" type="stmt"/>
        <line num="42" count="2" type="stmt"/>
        <line num="44" count="0" type="stmt"/>
        <line num="46" count="2" type="stmt"/>
        <line num="50" count="2" type="stmt"/>
        <line num="53" count="6" type="cond" truecount="1" falsecount="1"/>
        <line num="54" count="0" type="stmt"/>
        <line num="57" count="6" type="stmt"/>
        <line num="61" count="1" type="stmt"/>
        <line num="62" count="0" type="stmt"/>
      </file>
      <file name="HomePage.tsx" path="C:\Users\Lenovo\Desktop\search\src\pages\HomePage.tsx">
        <metrics statements="84" coveredstatements="76" conditionals="42" coveredconditionals="32" methods="23" coveredmethods="20"/>
        <line num="13" count="1" type="stmt"/>
        <line num="15" count="1" type="stmt"/>
        <line num="16" count="219" type="cond" truecount="1" falsecount="1"/>
        <line num="17" count="219" type="cond" truecount="3" falsecount="1"/>
        <line num="20" count="1" type="stmt"/>
        <line num="21" count="219" type="stmt"/>
        <line num="22" count="219" type="stmt"/>
        <line num="25" count="219" type="stmt"/>
        <line num="26" count="219" type="stmt"/>
        <line num="27" count="219" type="cond" truecount="2" falsecount="0"/>
        <line num="29" count="219" type="stmt"/>
        <line num="30" count="219" type="stmt"/>
        <line num="31" count="219" type="stmt"/>
        <line num="32" count="219" type="stmt"/>
        <line num="33" count="219" type="stmt"/>
        <line num="34" count="219" type="stmt"/>
        <line num="36" count="219" type="stmt"/>
        <line num="38" count="60" type="stmt"/>
        <line num="40" count="60" type="stmt"/>
        <line num="41" count="60" type="stmt"/>
        <line num="42" count="60" type="cond" truecount="1" falsecount="1"/>
        <line num="43" count="0" type="stmt"/>
        <line num="45" count="60" type="stmt"/>
        <line num="53" count="219" type="stmt"/>
        <line num="54" count="32" type="cond" truecount="1" falsecount="1"/>
        <line num="55" count="0" type="stmt"/>
        <line num="56" count="0" type="stmt"/>
        <line num="61" count="219" type="stmt"/>
        <line num="62" count="37" type="stmt"/>
        <line num="63" count="37" type="stmt"/>
        <line num="65" count="37" type="stmt"/>
        <line num="66" count="37" type="stmt"/>
        <line num="67" count="33" type="stmt"/>
        <line num="68" count="33" type="stmt"/>
        <line num="70" count="4" type="stmt"/>
        <line num="71" count="4" type="stmt"/>
        <line num="72" count="4" type="stmt"/>
        <line num="74" count="37" type="stmt"/>
        <line num="78" count="219" type="stmt"/>
        <line num="79" count="37" type="stmt"/>
        <line num="82" count="219" type="stmt"/>
        <line num="84" count="219" type="stmt"/>
        <line num="85" count="106" type="cond" truecount="4" falsecount="1"/>
        <line num="86" count="0" type="stmt"/>
        <line num="87" count="0" type="stmt"/>
        <line num="92" count="219" type="stmt"/>
        <line num="93" count="50" type="stmt"/>
        <line num="94" count="50" type="stmt"/>
        <line num="95" count="50" type="stmt"/>
        <line num="96" count="50" type="stmt"/>
        <line num="100" count="219" type="stmt"/>
        <line num="101" count="8" type="stmt"/>
        <line num="103" count="8" type="cond" truecount="2" falsecount="0"/>
        <line num="104" count="1" type="stmt"/>
        <line num="107" count="7" type="stmt"/>
        <line num="108" count="7" type="stmt"/>
        <line num="109" count="7" type="stmt"/>
        <line num="110" count="7" type="stmt"/>
        <line num="111" count="7" type="stmt"/>
        <line num="112" count="7" type="stmt"/>
        <line num="116" count="219" type="stmt"/>
        <line num="117" count="1" type="stmt"/>
        <line num="118" count="1" type="stmt"/>
        <line num="122" count="219" type="stmt"/>
        <line num="123" count="1" type="stmt"/>
        <line num="124" count="1" type="stmt"/>
        <line num="128" count="219" type="stmt"/>
        <line num="129" count="1" type="stmt"/>
        <line num="130" count="1" type="stmt"/>
        <line num="134" count="219" type="stmt"/>
        <line num="135" count="2" type="cond" truecount="1" falsecount="1"/>
        <line num="136" count="0" type="stmt"/>
        <line num="140" count="219" type="cond" truecount="3" falsecount="0"/>
        <line num="141" count="219" type="stmt"/>
        <line num="143" count="219" type="stmt"/>
        <line num="145" count="219" type="stmt"/>
        <line num="146" count="219" type="cond" truecount="2" falsecount="0"/>
        <line num="147" count="44" type="stmt"/>
        <line num="150" count="175" type="cond" truecount="2" falsecount="0"/>
        <line num="151" count="15" type="stmt"/>
        <line num="154" count="160" type="stmt"/>
        <line num="172" count="219" type="stmt"/>
        <line num="190" count="0" type="cond" truecount="0" falsecount="4"/>
        <line num="191" count="0" type="stmt"/>
      </file>
      <file name="NotFoundPage.tsx" path="C:\Users\Lenovo\Desktop\search\src\pages\NotFoundPage.tsx">
        <metrics statements="2" coveredstatements="2" conditionals="0" coveredconditionals="0" methods="1" coveredmethods="1"/>
        <line num="4" count="1" type="stmt"/>
        <line num="5" count="1" type="stmt"/>
      </file>
    </package>
  </project>
</coverage>
