{"C:\\Users\\Lenovo\\Desktop\\search\\src\\App.tsx": {"path":"C:\\Users\\Lenovo\\Desktop\\search\\src\\App.tsx","statementMap":{"0":{"start":{"line":11,"column":27},"end":{"line":11,"column":null}},"1":{"start":{"line":23,"column":20},"end":{"line":30,"column":null}},"2":{"start":{"line":46,"column":17},"end":{"line":58,"column":null}},"3":{"start":{"line":62,"column":2},"end":{"line":63,"column":null}},"4":{"start":{"line":66,"column":2},"end":{"line":83,"column":null}},"5":{"start":{"line":86,"column":2},"end":{"line":87,"column":null}},"6":{"start":{"line":33,"column":28},"end":{"line":33,"column":null}},"7":{"start":{"line":35,"column":4},"end":{"line":43,"column":null}},"8":{"start":{"line":41,"column":8},"end":{"line":41,"column":null}},"9":{"start":{"line":47,"column":4},"end":{"line":47,"column":null}},"10":{"start":{"line":49,"column":4},"end":{"line":58,"column":null}},"11":{"start":{"line":50,"column":20},"end":{"line":50,"column":60}},"12":{"start":{"line":51,"column":6},"end":{"line":51,"column":null}},"13":{"start":{"line":53,"column":6},"end":{"line":56,"column":null}},"14":{"start":{"line":58,"column":6},"end":{"line":58,"column":null}},"15":{"start":{"line":63,"column":4},"end":{"line":63,"column":null}},"16":{"start":{"line":67,"column":26},"end":{"line":67,"column":54}},"17":{"start":{"line":69,"column":4},"end":{"line":70,"column":null}},"18":{"start":{"line":70,"column":6},"end":{"line":70,"column":null}},"19":{"start":{"line":73,"column":4},"end":{"line":73,"column":null}},"20":{"start":{"line":75,"column":4},"end":{"line":83,"column":null}},"21":{"start":{"line":81,"column":8},"end":{"line":81,"column":null}},"22":{"start":{"line":87,"column":4},"end":{"line":87,"column":null}},"23":{"start":{"line":91,"column":47},"end":{"line":91,"column":null}},"24":{"start":{"line":93,"column":4},"end":{"line":94,"column":null}},"25":{"start":{"line":94,"column":6},"end":{"line":94,"column":null}},"26":{"start":{"line":97,"column":4},"end":{"line":98,"column":null}},"27":{"start":{"line":98,"column":6},"end":{"line":98,"column":null}},"28":{"start":{"line":101,"column":4},"end":{"line":101,"column":null}},"29":{"start":{"line":105,"column":41},"end":{"line":105,"column":null}},"30":{"start":{"line":107,"column":4},"end":{"line":108,"column":null}},"31":{"start":{"line":108,"column":6},"end":{"line":108,"column":null}},"32":{"start":{"line":111,"column":4},"end":{"line":140,"column":null}}},"fnMap":{"0":{"name":"(anonymous_0)","decl":{"start":{"line":32,"column":2},"end":{"line":32,"column":28}},"loc":{"start":{"line":32,"column":28},"end":{"line":43,"column":null}},"line":32},"1":{"name":"(anonymous_1)","decl":{"start":{"line":39,"column":7},"end":{"line":39,"column":null}},"loc":{"start":{"line":40,"column":12},"end":{"line":43,"column":null}},"line":40},"2":{"name":"(anonymous_2)","decl":{"start":{"line":46,"column":17},"end":{"line":46,"column":24}},"loc":{"start":{"line":46,"column":47},"end":{"line":58,"column":null}},"line":46},"3":{"name":"(anonymous_3)","decl":{"start":{"line":62,"column":2},"end":{"line":62,"column":23}},"loc":{"start":{"line":62,"column":45},"end":{"line":63,"column":null}},"line":62},"4":{"name":"(anonymous_4)","decl":{"start":{"line":66,"column":2},"end":{"line":66,"column":23}},"loc":{"start":{"line":66,"column":23},"end":{"line":83,"column":null}},"line":66},"5":{"name":"(anonymous_5)","decl":{"start":{"line":79,"column":7},"end":{"line":79,"column":null}},"loc":{"start":{"line":80,"column":12},"end":{"line":83,"column":null}},"line":80},"6":{"name":"(anonymous_6)","decl":{"start":{"line":86,"column":2},"end":{"line":86,"column":26}},"loc":{"start":{"line":86,"column":26},"end":{"line":87,"column":null}},"line":86},"7":{"name":"(anonymous_7)","decl":{"start":{"line":90,"column":2},"end":{"line":90,"column":25}},"loc":{"start":{"line":90,"column":25},"end":{"line":101,"column":null}},"line":90},"8":{"name":"(anonymous_8)","decl":{"start":{"line":104,"column":2},"end":{"line":104,"column":11}},"loc":{"start":{"line":104,"column":11},"end":{"line":140,"column":null}},"line":104}},"branchMap":{"0":{"loc":{"start":{"line":33,"column":28},"end":{"line":33,"column":null}},"type":"binary-expr","locations":[{"start":{"line":33,"column":28},"end":{"line":33,"column":76}},{"start":{"line":33,"column":80},"end":{"line":33,"column":null}}],"line":33},"1":{"loc":{"start":{"line":69,"column":4},"end":{"line":70,"column":null}},"type":"if","locations":[{"start":{"line":69,"column":4},"end":{"line":70,"column":null}},{"start":{},"end":{}}],"line":69},"2":{"loc":{"start":{"line":93,"column":4},"end":{"line":94,"column":null}},"type":"if","locations":[{"start":{"line":93,"column":4},"end":{"line":94,"column":null}},{"start":{},"end":{}}],"line":93},"3":{"loc":{"start":{"line":97,"column":4},"end":{"line":98,"column":null}},"type":"if","locations":[{"start":{"line":97,"column":4},"end":{"line":98,"column":null}},{"start":{},"end":{}}],"line":97},"4":{"loc":{"start":{"line":107,"column":4},"end":{"line":108,"column":null}},"type":"if","locations":[{"start":{"line":107,"column":4},"end":{"line":108,"column":null}},{"start":{},"end":{}}],"line":107}},"s":{"0":1,"1":21,"2":28,"3":49,"4":8,"5":2,"6":21,"7":21,"8":21,"9":28,"10":28,"11":28,"12":24,"13":4,"14":28,"15":49,"16":8,"17":8,"18":1,"19":7,"20":7,"21":7,"22":2,"23":154,"24":154,"25":28,"26":126,"27":10,"28":116,"29":158,"30":158,"31":4,"32":154},"f":{"0":21,"1":21,"2":28,"3":49,"4":8,"5":7,"6":2,"7":154,"8":158},"b":{"0":[21,18],"1":[1,7],"2":[28,126],"3":[10,116],"4":[4,154]},"meta":{"lastBranch":5,"lastFunction":9,"lastStatement":33,"seen":{"s:11:27:11:Infinity":0,"s:23:20:30:Infinity":1,"s:46:17:58:Infinity":2,"s:62:2:63:Infinity":3,"s:66:2:83:Infinity":4,"s:86:2:87:Infinity":5,"f:32:2:32:28":0,"s:33:28:33:Infinity":6,"b:33:28:33:76:33:80:33:Infinity":0,"s:35:4:43:Infinity":7,"f:39:7:39:Infinity":1,"s:41:8:41:Infinity":8,"f:46:17:46:24":2,"s:47:4:47:Infinity":9,"s:49:4:58:Infinity":10,"s:50:20:50:60":11,"s:51:6:51:Infinity":12,"s:53:6:56:Infinity":13,"s:58:6:58:Infinity":14,"f:62:2:62:23":3,"s:63:4:63:Infinity":15,"f:66:2:66:23":4,"s:67:26:67:54":16,"b:69:4:70:Infinity:undefined:undefined:undefined:undefined":1,"s:69:4:70:Infinity":17,"s:70:6:70:Infinity":18,"s:73:4:73:Infinity":19,"s:75:4:83:Infinity":20,"f:79:7:79:Infinity":5,"s:81:8:81:Infinity":21,"f:86:2:86:26":6,"s:87:4:87:Infinity":22,"f:90:2:90:25":7,"s:91:47:91:Infinity":23,"b:93:4:94:Infinity:undefined:undefined:undefined:undefined":2,"s:93:4:94:Infinity":24,"s:94:6:94:Infinity":25,"b:97:4:98:Infinity:undefined:undefined:undefined:undefined":3,"s:97:4:98:Infinity":26,"s:98:6:98:Infinity":27,"s:101:4:101:Infinity":28,"f:104:2:104:11":8,"s:105:41:105:Infinity":29,"b:107:4:108:Infinity:undefined:undefined:undefined:undefined":4,"s:107:4:108:Infinity":30,"s:108:6:108:Infinity":31,"s:111:4:140:Infinity":32}}}
,"C:\\Users\\Lenovo\\Desktop\\search\\src\\api.ts": {"path":"C:\\Users\\Lenovo\\Desktop\\search\\src\\api.ts","statementMap":{"0":{"start":{"line":3,"column":21},"end":{"line":3,"column":null}},"1":{"start":{"line":4,"column":18},"end":{"line":4,"column":null}},"2":{"start":{"line":6,"column":6},"end":{"line":17,"column":null}},"3":{"start":{"line":7,"column":17},"end":{"line":10,"column":4}},"4":{"start":{"line":12,"column":2},"end":{"line":14,"column":null}},"5":{"start":{"line":13,"column":4},"end":{"line":13,"column":null}},"6":{"start":{"line":14,"column":4},"end":{"line":14,"column":null}},"7":{"start":{"line":17,"column":2},"end":{"line":17,"column":null}},"8":{"start":{"line":20,"column":38},"end":{"line":29,"column":null}},"9":{"start":{"line":21,"column":21},"end":{"line":21,"column":49}},"10":{"start":{"line":22,"column":19},"end":{"line":22,"column":42}},"11":{"start":{"line":24,"column":2},"end":{"line":25,"column":null}},"12":{"start":{"line":25,"column":4},"end":{"line":25,"column":null}},"13":{"start":{"line":28,"column":19},"end":{"line":28,"column":40}},"14":{"start":{"line":29,"column":2},"end":{"line":29,"column":null}}},"fnMap":{"0":{"name":"(anonymous_0)","decl":{"start":{"line":6,"column":6},"end":{"line":6,"column":26}},"loc":{"start":{"line":6,"column":57},"end":{"line":17,"column":null}},"line":6},"1":{"name":"(anonymous_1)","decl":{"start":{"line":20,"column":38},"end":{"line":20,"column":45}},"loc":{"start":{"line":20,"column":88},"end":{"line":29,"column":null}},"line":20}},"branchMap":{"0":{"loc":{"start":{"line":12,"column":2},"end":{"line":14,"column":null}},"type":"if","locations":[{"start":{"line":12,"column":2},"end":{"line":14,"column":null}},{"start":{},"end":{}}],"line":12},"1":{"loc":{"start":{"line":24,"column":2},"end":{"line":25,"column":null}},"type":"if","locations":[{"start":{"line":24,"column":2},"end":{"line":25,"column":null}},{"start":{},"end":{}}],"line":24}},"s":{"0":1,"1":1,"2":1,"3":7,"4":7,"5":3,"6":3,"7":4,"8":1,"9":7,"10":7,"11":6,"12":2,"13":4,"14":4},"f":{"0":7,"1":7},"b":{"0":[3,4],"1":[2,4]},"meta":{"lastBranch":2,"lastFunction":2,"lastStatement":15,"seen":{"s:3:21:3:Infinity":0,"s:4:18:4:Infinity":1,"s:6:6:17:Infinity":2,"f:6:6:6:26":0,"s:7:17:10:4":3,"b:12:2:14:Infinity:undefined:undefined:undefined:undefined":0,"s:12:2:14:Infinity":4,"s:13:4:13:Infinity":5,"s:14:4:14:Infinity":6,"s:17:2:17:Infinity":7,"s:20:38:29:Infinity":8,"f:20:38:20:45":1,"s:21:21:21:49":9,"s:22:19:22:42":10,"b:24:2:25:Infinity:undefined:undefined:undefined:undefined":1,"s:24:2:25:Infinity":11,"s:25:4:25:Infinity":12,"s:28:19:28:40":13,"s:29:2:29:Infinity":14}}}
,"C:\\Users\\Lenovo\\Desktop\\search\\src\\types.ts": {"path":"C:\\Users\\Lenovo\\Desktop\\search\\src\\types.ts","statementMap":{},"fnMap":{},"branchMap":{},"s":{},"f":{},"b":{},"meta":{"lastBranch":0,"lastFunction":0,"lastStatement":0,"seen":{}}}
,"C:\\Users\\Lenovo\\Desktop\\search\\src\\components\\Card.tsx": {"path":"C:\\Users\\Lenovo\\Desktop\\search\\src\\components\\Card.tsx","statementMap":{"0":{"start":{"line":10,"column":21},"end":{"line":10,"column":null}},"1":{"start":{"line":12,"column":4},"end":{"line":15,"column":null}}},"fnMap":{"0":{"name":"(anonymous_0)","decl":{"start":{"line":9,"column":2},"end":{"line":9,"column":11}},"loc":{"start":{"line":9,"column":11},"end":{"line":15,"column":null}},"line":9}},"branchMap":{},"s":{"0":158,"1":158},"f":{"0":158},"b":{},"meta":{"lastBranch":0,"lastFunction":1,"lastStatement":2,"seen":{"f:9:2:9:11":0,"s:10:21:10:Infinity":0,"s:12:4:15:Infinity":1}}}
,"C:\\Users\\Lenovo\\Desktop\\search\\src\\components\\CardList.tsx": {"path":"C:\\Users\\Lenovo\\Desktop\\search\\src\\components\\CardList.tsx","statementMap":{"0":{"start":{"line":11,"column":22},"end":{"line":11,"column":null}},"1":{"start":{"line":13,"column":4},"end":{"line":17,"column":null}},"2":{"start":{"line":14,"column":6},"end":{"line":17,"column":null}},"3":{"start":{"line":21,"column":4},"end":{"line":26,"column":null}},"4":{"start":{"line":24,"column":10},"end":{"line":24,"column":null}}},"fnMap":{"0":{"name":"(anonymous_0)","decl":{"start":{"line":10,"column":2},"end":{"line":10,"column":11}},"loc":{"start":{"line":10,"column":11},"end":{"line":26,"column":null}},"line":10},"1":{"name":"(anonymous_1)","decl":{"start":{"line":23,"column":15},"end":{"line":23,"column":20}},"loc":{"start":{"line":24,"column":10},"end":{"line":24,"column":null}},"line":24}},"branchMap":{"0":{"loc":{"start":{"line":13,"column":4},"end":{"line":17,"column":null}},"type":"if","locations":[{"start":{"line":13,"column":4},"end":{"line":17,"column":null}},{"start":{},"end":{}}],"line":13}},"s":{"0":121,"1":121,"2":45,"3":76,"4":153},"f":{"0":121,"1":153},"b":{"0":[45,76]},"meta":{"lastBranch":1,"lastFunction":2,"lastStatement":5,"seen":{"f:10:2:10:11":0,"s:11:22:11:Infinity":0,"b:13:4:17:Infinity:undefined:undefined:undefined:undefined":0,"s:13:4:17:Infinity":1,"s:14:6:17:Infinity":2,"s:21:4:26:Infinity":3,"f:23:15:23:20":1,"s:24:10:24:Infinity":4}}}
,"C:\\Users\\Lenovo\\Desktop\\search\\src\\components\\ErrorBoundary.tsx": {"path":"C:\\Users\\Lenovo\\Desktop\\search\\src\\components\\ErrorBoundary.tsx","statementMap":{"0":{"start":{"line":12,"column":30},"end":{"line":13,"column":null}},"1":{"start":{"line":17,"column":4},"end":{"line":17,"column":null}},"2":{"start":{"line":21,"column":4},"end":{"line":21,"column":null}},"3":{"start":{"line":25,"column":4},"end":{"line":33,"column":null}},"4":{"start":{"line":26,"column":6},"end":{"line":33,"column":null}},"5":{"start":{"line":38,"column":4},"end":{"line":38,"column":null}}},"fnMap":{"0":{"name":"(anonymous_0)","decl":{"start":{"line":16,"column":9},"end":{"line":16,"column":56}},"loc":{"start":{"line":16,"column":56},"end":{"line":17,"column":null}},"line":16},"1":{"name":"(anonymous_1)","decl":{"start":{"line":20,"column":2},"end":{"line":20,"column":20}},"loc":{"start":{"line":20,"column":62},"end":{"line":21,"column":null}},"line":20},"2":{"name":"(anonymous_2)","decl":{"start":{"line":24,"column":2},"end":{"line":24,"column":11}},"loc":{"start":{"line":24,"column":11},"end":{"line":38,"column":null}},"line":24}},"branchMap":{"0":{"loc":{"start":{"line":25,"column":4},"end":{"line":33,"column":null}},"type":"if","locations":[{"start":{"line":25,"column":4},"end":{"line":33,"column":null}},{"start":{},"end":{}}],"line":25}},"s":{"0":13,"1":14,"2":7,"3":27,"4":14,"5":13},"f":{"0":13,"1":7,"2":27},"b":{"0":[14,13]},"meta":{"lastBranch":1,"lastFunction":3,"lastStatement":6,"seen":{"s:12:30:13:Infinity":0,"f:16:9:16:56":0,"s:17:4:17:Infinity":1,"f:20:2:20:20":1,"s:21:4:21:Infinity":2,"f:24:2:24:11":2,"b:25:4:33:Infinity:undefined:undefined:undefined:undefined":0,"s:25:4:33:Infinity":3,"s:26:6:33:Infinity":4,"s:38:4:38:Infinity":5}}}
,"C:\\Users\\Lenovo\\Desktop\\search\\src\\components\\ErrorMessage.tsx": {"path":"C:\\Users\\Lenovo\\Desktop\\search\\src\\components\\ErrorMessage.tsx","statementMap":{"0":{"start":{"line":9,"column":4},"end":{"line":12,"column":null}}},"fnMap":{"0":{"name":"(anonymous_0)","decl":{"start":{"line":8,"column":2},"end":{"line":8,"column":11}},"loc":{"start":{"line":8,"column":11},"end":{"line":12,"column":null}},"line":8}},"branchMap":{},"s":{"0":13},"f":{"0":13},"b":{},"meta":{"lastBranch":0,"lastFunction":1,"lastStatement":1,"seen":{"f:8:2:8:11":0,"s:9:4:12:Infinity":0}}}
,"C:\\Users\\Lenovo\\Desktop\\search\\src\\components\\Header.tsx": {"path":"C:\\Users\\Lenovo\\Desktop\\search\\src\\components\\Header.tsx","statementMap":{"0":{"start":{"line":9,"column":22},"end":{"line":9,"column":null}},"1":{"start":{"line":11,"column":4},"end":{"line":16,"column":null}}},"fnMap":{"0":{"name":"(anonymous_0)","decl":{"start":{"line":8,"column":2},"end":{"line":8,"column":11}},"loc":{"start":{"line":8,"column":11},"end":{"line":16,"column":null}},"line":8}},"branchMap":{},"s":{"0":157,"1":157},"f":{"0":157},"b":{},"meta":{"lastBranch":0,"lastFunction":1,"lastStatement":2,"seen":{"f:8:2:8:11":0,"s:9:22:9:Infinity":0,"s:11:4:16:Infinity":1}}}
,"C:\\Users\\Lenovo\\Desktop\\search\\src\\components\\LoadingIndicator.tsx": {"path":"C:\\Users\\Lenovo\\Desktop\\search\\src\\components\\LoadingIndicator.tsx","statementMap":{"0":{"start":{"line":5,"column":4},"end":{"line":15,"column":null}}},"fnMap":{"0":{"name":"(anonymous_0)","decl":{"start":{"line":4,"column":2},"end":{"line":4,"column":11}},"loc":{"start":{"line":4,"column":11},"end":{"line":15,"column":null}},"line":4}},"branchMap":{},"s":{"0":31},"f":{"0":31},"b":{},"meta":{"lastBranch":0,"lastFunction":1,"lastStatement":1,"seen":{"f:4:2:4:11":0,"s:5:4:15:Infinity":0}}}
,"C:\\Users\\Lenovo\\Desktop\\search\\src\\components\\Main.tsx": {"path":"C:\\Users\\Lenovo\\Desktop\\search\\src\\components\\Main.tsx","statementMap":{"0":{"start":{"line":9,"column":4},"end":{"line":9,"column":null}}},"fnMap":{"0":{"name":"(anonymous_0)","decl":{"start":{"line":8,"column":2},"end":{"line":8,"column":11}},"loc":{"start":{"line":8,"column":11},"end":{"line":9,"column":null}},"line":8}},"branchMap":{},"s":{"0":157},"f":{"0":157},"b":{},"meta":{"lastBranch":0,"lastFunction":1,"lastStatement":1,"seen":{"f:8:2:8:11":0,"s:9:4:9:Infinity":0}}}
,"C:\\Users\\Lenovo\\Desktop\\search\\src\\components\\Search.tsx": {"path":"C:\\Users\\Lenovo\\Desktop\\search\\src\\components\\Search.tsx","statementMap":{"0":{"start":{"line":10,"column":2},"end":{"line":11,"column":null}},"1":{"start":{"line":11,"column":4},"end":{"line":11,"column":null}},"2":{"start":{"line":15,"column":32},"end":{"line":15,"column":null}},"3":{"start":{"line":17,"column":4},"end":{"line":33,"column":null}}},"fnMap":{"0":{"name":"(anonymous_0)","decl":{"start":{"line":10,"column":2},"end":{"line":10,"column":23}},"loc":{"start":{"line":10,"column":64},"end":{"line":11,"column":null}},"line":10},"1":{"name":"(anonymous_1)","decl":{"start":{"line":14,"column":2},"end":{"line":14,"column":11}},"loc":{"start":{"line":14,"column":11},"end":{"line":33,"column":null}},"line":14}},"branchMap":{},"s":{"0":50,"1":50,"2":160,"3":160},"f":{"0":50,"1":160},"b":{},"meta":{"lastBranch":0,"lastFunction":2,"lastStatement":4,"seen":{"s:10:2:11:Infinity":0,"f:10:2:10:23":0,"s:11:4:11:Infinity":1,"f:14:2:14:11":1,"s:15:32:15:Infinity":2,"s:17:4:33:Infinity":3}}}
}
