{"C:\\Users\\Lenovo\\Desktop\\state- management\\src\\App.tsx": {"path":"C:\\Users\\Lenovo\\Desktop\\state- management\\src\\App.tsx","statementMap":{"0":{"start":{"line":9,"column":6},"end":{"line":28,"column":null}},"1":{"start":{"line":10,"column":23},"end":{"line":10,"column":57}},"2":{"start":{"line":12,"column":2},"end":{"line":13,"column":null}},"3":{"start":{"line":13,"column":4},"end":{"line":13,"column":null}},"4":{"start":{"line":16,"column":2},"end":{"line":28,"column":null}},"5":{"start":{"line":18,"column":55},"end":{"line":18,"column":76}}},"fnMap":{"0":{"name":"(anonymous_0)","decl":{"start":{"line":9,"column":6},"end":{"line":9,"column":18}},"loc":{"start":{"line":9,"column":18},"end":{"line":28,"column":null}},"line":9},"1":{"name":"(anonymous_1)","decl":{"start":{"line":18,"column":33},"end":{"line":18,"column":55}},"loc":{"start":{"line":18,"column":55},"end":{"line":18,"column":76}},"line":18}},"branchMap":{"0":{"loc":{"start":{"line":12,"column":2},"end":{"line":13,"column":null}},"type":"if","locations":[{"start":{"line":12,"column":2},"end":{"line":13,"column":null}},{"start":{},"end":{}}],"line":12}},"s":{"0":1,"1":43,"2":43,"3":4,"4":38,"5":2},"f":{"0":43,"1":2},"b":{"0":[4,39]},"meta":{"lastBranch":1,"lastFunction":2,"lastStatement":6,"seen":{"s:9:6:28:Infinity":0,"f:9:6:9:18":0,"s:10:23:10:57":1,"b:12:2:13:Infinity:undefined:undefined:undefined:undefined":0,"s:12:2:13:Infinity":2,"s:13:4:13:Infinity":3,"s:16:2:28:Infinity":4,"f:18:33:18:55":1,"s:18:55:18:76":5}}}
,"C:\\Users\\Lenovo\\Desktop\\state- management\\src\\api.ts": {"path":"C:\\Users\\Lenovo\\Desktop\\state- management\\src\\api.ts","statementMap":{"0":{"start":{"line":3,"column":21},"end":{"line":3,"column":null}},"1":{"start":{"line":4,"column":25},"end":{"line":4,"column":null}},"2":{"start":{"line":11,"column":6},"end":{"line":23,"column":null}},"3":{"start":{"line":12,"column":8},"end":{"line":12,"column":null}},"4":{"start":{"line":13,"column":17},"end":{"line":16,"column":4}},"5":{"start":{"line":18,"column":2},"end":{"line":20,"column":null}},"6":{"start":{"line":19,"column":4},"end":{"line":19,"column":null}},"7":{"start":{"line":20,"column":4},"end":{"line":20,"column":null}},"8":{"start":{"line":23,"column":2},"end":{"line":23,"column":null}},"9":{"start":{"line":26,"column":29},"end":{"line":38,"column":null}},"10":{"start":{"line":30,"column":21},"end":{"line":30,"column":55}},"11":{"start":{"line":31,"column":19},"end":{"line":31,"column":42}},"12":{"start":{"line":33,"column":2},"end":{"line":34,"column":null}},"13":{"start":{"line":34,"column":4},"end":{"line":34,"column":null}},"14":{"start":{"line":37,"column":19},"end":{"line":37,"column":40}},"15":{"start":{"line":38,"column":2},"end":{"line":38,"column":null}},"16":{"start":{"line":41,"column":32},"end":{"line":53,"column":null}},"17":{"start":{"line":42,"column":19},"end":{"line":42,"column":55}},"18":{"start":{"line":44,"column":2},"end":{"line":45,"column":null}},"19":{"start":{"line":45,"column":4},"end":{"line":45,"column":null}},"20":{"start":{"line":48,"column":19},"end":{"line":48,"column":40}},"21":{"start":{"line":49,"column":2},"end":{"line":53,"column":null}},"22":{"start":{"line":57,"column":38},"end":{"line":59,"column":null}},"23":{"start":{"line":58,"column":17},"end":{"line":58,"column":51}},"24":{"start":{"line":59,"column":2},"end":{"line":59,"column":null}}},"fnMap":{"0":{"name":"(anonymous_0)","decl":{"start":{"line":11,"column":6},"end":{"line":11,"column":26}},"loc":{"start":{"line":11,"column":71},"end":{"line":23,"column":null}},"line":11},"1":{"name":"(anonymous_1)","decl":{"start":{"line":26,"column":29},"end":{"line":26,"column":null}},"loc":{"start":{"line":29,"column":30},"end":{"line":38,"column":null}},"line":29},"2":{"name":"(anonymous_2)","decl":{"start":{"line":41,"column":32},"end":{"line":41,"column":39}},"loc":{"start":{"line":41,"column":72},"end":{"line":53,"column":null}},"line":41},"3":{"name":"(anonymous_3)","decl":{"start":{"line":57,"column":38},"end":{"line":57,"column":45}},"loc":{"start":{"line":57,"column":88},"end":{"line":59,"column":null}},"line":57}},"branchMap":{"0":{"loc":{"start":{"line":18,"column":2},"end":{"line":20,"column":null}},"type":"if","locations":[{"start":{"line":18,"column":2},"end":{"line":20,"column":null}},{"start":{},"end":{}}],"line":18},"1":{"loc":{"start":{"line":33,"column":2},"end":{"line":34,"column":null}},"type":"if","locations":[{"start":{"line":33,"column":2},"end":{"line":34,"column":null}},{"start":{},"end":{}}],"line":33},"2":{"loc":{"start":{"line":44,"column":2},"end":{"line":45,"column":null}},"type":"if","locations":[{"start":{"line":44,"column":2},"end":{"line":45,"column":null}},{"start":{},"end":{}}],"line":44}},"s":{"0":1,"1":1,"2":1,"3":7,"4":7,"5":7,"6":2,"7":2,"8":5,"9":1,"10":7,"11":7,"12":6,"13":2,"14":4,"15":4,"16":1,"17":3,"18":3,"19":1,"20":2,"21":2,"22":1,"23":0,"24":0},"f":{"0":7,"1":7,"2":3,"3":0},"b":{"0":[2,5],"1":[2,4],"2":[1,2]},"meta":{"lastBranch":3,"lastFunction":4,"lastStatement":25,"seen":{"s:3:21:3:Infinity":0,"s:4:25:4:Infinity":1,"s:11:6:23:Infinity":2,"f:11:6:11:26":0,"s:12:8:12:Infinity":3,"s:13:17:16:4":4,"b:18:2:20:Infinity:undefined:undefined:undefined:undefined":0,"s:18:2:20:Infinity":5,"s:19:4:19:Infinity":6,"s:20:4:20:Infinity":7,"s:23:2:23:Infinity":8,"s:26:29:38:Infinity":9,"f:26:29:26:Infinity":1,"s:30:21:30:55":10,"s:31:19:31:42":11,"b:33:2:34:Infinity:undefined:undefined:undefined:undefined":1,"s:33:2:34:Infinity":12,"s:34:4:34:Infinity":13,"s:37:19:37:40":14,"s:38:2:38:Infinity":15,"s:41:32:53:Infinity":16,"f:41:32:41:39":2,"s:42:19:42:55":17,"b:44:2:45:Infinity:undefined:undefined:undefined:undefined":2,"s:44:2:45:Infinity":18,"s:45:4:45:Infinity":19,"s:48:19:48:40":20,"s:49:2:53:Infinity":21,"s:57:38:59:Infinity":22,"f:57:38:57:45":3,"s:58:17:58:51":23,"s:59:2:59:Infinity":24}}}
,"C:\\Users\\Lenovo\\Desktop\\state- management\\src\\testUtils.tsx": {"path":"C:\\Users\\Lenovo\\Desktop\\state- management\\src\\testUtils.tsx","statementMap":{"0":{"start":{"line":10,"column":13},"end":{"line":18,"column":null}},"1":{"start":{"line":12,"column":68},"end":{"line":18,"column":null}}},"fnMap":{"0":{"name":"(anonymous_0)","decl":{"start":{"line":10,"column":13},"end":{"line":10,"column":null}},"loc":{"start":{"line":12,"column":68},"end":{"line":18,"column":null}},"line":12}},"branchMap":{"0":{"loc":{"start":{"line":12,"column":2},"end":{"line":12,"column":68}},"type":"default-arg","locations":[{"start":{"line":12,"column":66},"end":{"line":12,"column":68}}],"line":12}},"s":{"0":0,"1":0},"f":{"0":0},"b":{"0":[0]},"meta":{"lastBranch":1,"lastFunction":1,"lastStatement":2,"seen":{"s:10:13:18:Infinity":0,"f:10:13:10:Infinity":0,"s:12:68:18:Infinity":1,"b:12:66:12:68":0}}}
,"C:\\Users\\Lenovo\\Desktop\\state- management\\src\\types.ts": {"path":"C:\\Users\\Lenovo\\Desktop\\state- management\\src\\types.ts","statementMap":{},"fnMap":{},"branchMap":{},"s":{},"f":{},"b":{},"meta":{"lastBranch":0,"lastFunction":0,"lastStatement":0,"seen":{}}}
,"C:\\Users\\Lenovo\\Desktop\\state- management\\src\\components\\AppLayout.tsx": {"path":"C:\\Users\\Lenovo\\Desktop\\state- management\\src\\components\\AppLayout.tsx","statementMap":{"0":{"start":{"line":10,"column":6},"end":{"line":14,"column":null}},"1":{"start":{"line":11,"column":2},"end":{"line":14,"column":null}},"2":{"start":{"line":17,"column":13},"end":{"line":46,"column":null}},"3":{"start":{"line":18,"column":2},"end":{"line":46,"column":null}}},"fnMap":{"0":{"name":"(anonymous_0)","decl":{"start":{"line":10,"column":6},"end":{"line":10,"column":22}},"loc":{"start":{"line":11,"column":2},"end":{"line":14,"column":null}},"line":11},"1":{"name":"(anonymous_1)","decl":{"start":{"line":17,"column":13},"end":{"line":17,"column":26}},"loc":{"start":{"line":18,"column":2},"end":{"line":46,"column":null}},"line":18}},"branchMap":{"0":{"loc":{"start":{"line":12,"column":4},"end":{"line":14,"column":null}},"type":"cond-expr","locations":[{"start":{"line":13,"column":8},"end":{"line":13,"column":null}},{"start":{"line":14,"column":8},"end":{"line":14,"column":null}}],"line":12}},"s":{"0":1,"1":206,"2":1,"3":38},"f":{"0":206,"1":38},"b":{"0":[102,104]},"meta":{"lastBranch":1,"lastFunction":2,"lastStatement":4,"seen":{"s:10:6:14:Infinity":0,"f:10:6:10:22":0,"s:11:2:14:Infinity":1,"b:13:8:13:Infinity:14:8:14:Infinity":0,"s:17:13:46:Infinity":2,"f:17:13:17:26":1,"s:18:2:46:Infinity":3}}}
,"C:\\Users\\Lenovo\\Desktop\\state- management\\src\\components\\Card.tsx": {"path":"C:\\Users\\Lenovo\\Desktop\\state- management\\src\\components\\Card.tsx","statementMap":{"0":{"start":{"line":12,"column":13},"end":{"line":63,"column":null}},"1":{"start":{"line":19,"column":8},"end":{"line":20,"column":null}},"2":{"start":{"line":20,"column":4},"end":{"line":20,"column":null}},"3":{"start":{"line":23,"column":8},"end":{"line":24,"column":null}},"4":{"start":{"line":24,"column":4},"end":{"line":24,"column":null}},"5":{"start":{"line":27,"column":8},"end":{"line":28,"column":null}},"6":{"start":{"line":28,"column":4},"end":{"line":28,"column":null}},"7":{"start":{"line":31,"column":8},"end":{"line":34,"column":null}},"8":{"start":{"line":32,"column":4},"end":{"line":34,"column":null}},"9":{"start":{"line":33,"column":6},"end":{"line":33,"column":null}},"10":{"start":{"line":34,"column":6},"end":{"line":34,"column":null}},"11":{"start":{"line":38,"column":2},"end":{"line":63,"column":null}}},"fnMap":{"0":{"name":"(anonymous_0)","decl":{"start":{"line":12,"column":13},"end":{"line":12,"column":21}},"loc":{"start":{"line":18,"column":17},"end":{"line":63,"column":null}},"line":18},"1":{"name":"(anonymous_1)","decl":{"start":{"line":19,"column":8},"end":{"line":19,"column":34}},"loc":{"start":{"line":19,"column":34},"end":{"line":20,"column":null}},"line":19},"2":{"name":"(anonymous_2)","decl":{"start":{"line":23,"column":8},"end":{"line":23,"column":37}},"loc":{"start":{"line":23,"column":37},"end":{"line":24,"column":null}},"line":23},"3":{"name":"(anonymous_3)","decl":{"start":{"line":27,"column":8},"end":{"line":27,"column":35}},"loc":{"start":{"line":27,"column":75},"end":{"line":28,"column":null}},"line":27},"4":{"name":"(anonymous_4)","decl":{"start":{"line":31,"column":8},"end":{"line":31,"column":32}},"loc":{"start":{"line":31,"column":70},"end":{"line":34,"column":null}},"line":31}},"branchMap":{"0":{"loc":{"start":{"line":14,"column":2},"end":{"line":14,"column":null}},"type":"default-arg","locations":[{"start":{"line":14,"column":14},"end":{"line":14,"column":null}}],"line":14},"1":{"loc":{"start":{"line":15,"column":2},"end":{"line":15,"column":null}},"type":"default-arg","locations":[{"start":{"line":15,"column":20},"end":{"line":15,"column":null}}],"line":15},"2":{"loc":{"start":{"line":32,"column":4},"end":{"line":34,"column":null}},"type":"if","locations":[{"start":{"line":32,"column":4},"end":{"line":34,"column":null}},{"start":{},"end":{}}],"line":32},"3":{"loc":{"start":{"line":32,"column":8},"end":{"line":32,"column":52}},"type":"binary-expr","locations":[{"start":{"line":32,"column":8},"end":{"line":32,"column":33}},{"start":{"line":32,"column":33},"end":{"line":32,"column":52}}],"line":32},"4":{"loc":{"start":{"line":41,"column":8},"end":{"line":43,"column":null}},"type":"cond-expr","locations":[{"start":{"line":42,"column":12},"end":{"line":42,"column":null}},{"start":{"line":43,"column":12},"end":{"line":43,"column":null}}],"line":41},"5":{"loc":{"start":{"line":44,"column":10},"end":{"line":44,"column":null}},"type":"cond-expr","locations":[{"start":{"line":44,"column":22},"end":{"line":44,"column":60}},{"start":{"line":44,"column":60},"end":{"line":44,"column":null}}],"line":44}},"s":{"0":3,"1":319,"2":3,"3":319,"4":10,"5":319,"6":10,"7":319,"8":0,"9":0,"10":0,"11":319},"f":{"0":319,"1":3,"2":10,"3":10,"4":0},"b":{"0":[319],"1":[319],"2":[0,0],"3":[0,0],"4":[3,316],"5":[10,309]},"meta":{"lastBranch":6,"lastFunction":5,"lastStatement":12,"seen":{"s:12:13:63:Infinity":0,"f:12:13:12:21":0,"b:14:14:14:Infinity":0,"b:15:20:15:Infinity":1,"s:19:8:20:Infinity":1,"f:19:8:19:34":1,"s:20:4:20:Infinity":2,"s:23:8:24:Infinity":3,"f:23:8:23:37":2,"s:24:4:24:Infinity":4,"s:27:8:28:Infinity":5,"f:27:8:27:35":3,"s:28:4:28:Infinity":6,"s:31:8:34:Infinity":7,"f:31:8:31:32":4,"b:32:4:34:Infinity:undefined:undefined:undefined:undefined":2,"s:32:4:34:Infinity":8,"b:32:8:32:33:32:33:32:52":3,"s:33:6:33:Infinity":9,"s:34:6:34:Infinity":10,"s:38:2:63:Infinity":11,"b:42:12:42:Infinity:43:12:43:Infinity":4,"b:44:22:44:60:44:60:44:Infinity":5}}}
,"C:\\Users\\Lenovo\\Desktop\\state- management\\src\\components\\CardList.tsx": {"path":"C:\\Users\\Lenovo\\Desktop\\state- management\\src\\components\\CardList.tsx","statementMap":{"0":{"start":{"line":12,"column":13},"end":{"line":39,"column":null}},"1":{"start":{"line":19,"column":2},"end":{"line":23,"column":null}},"2":{"start":{"line":20,"column":4},"end":{"line":23,"column":null}},"3":{"start":{"line":27,"column":2},"end":{"line":39,"column":null}},"4":{"start":{"line":30,"column":8},"end":{"line":37,"column":null}}},"fnMap":{"0":{"name":"(anonymous_0)","decl":{"start":{"line":12,"column":13},"end":{"line":12,"column":25}},"loc":{"start":{"line":18,"column":21},"end":{"line":39,"column":null}},"line":18},"1":{"name":"(anonymous_1)","decl":{"start":{"line":29,"column":13},"end":{"line":29,"column":18}},"loc":{"start":{"line":30,"column":8},"end":{"line":37,"column":null}},"line":30}},"branchMap":{"0":{"loc":{"start":{"line":14,"column":2},"end":{"line":14,"column":24}},"type":"default-arg","locations":[{"start":{"line":14,"column":15},"end":{"line":14,"column":24}}],"line":14},"1":{"loc":{"start":{"line":15,"column":2},"end":{"line":15,"column":null}},"type":"default-arg","locations":[{"start":{"line":15,"column":14},"end":{"line":15,"column":null}}],"line":15},"2":{"loc":{"start":{"line":19,"column":2},"end":{"line":23,"column":null}},"type":"if","locations":[{"start":{"line":19,"column":2},"end":{"line":23,"column":null}},{"start":{},"end":{}}],"line":19}},"s":{"0":2,"1":195,"2":41,"3":154,"4":310},"f":{"0":195,"1":310},"b":{"0":[195],"1":[195],"2":[41,154]},"meta":{"lastBranch":3,"lastFunction":2,"lastStatement":5,"seen":{"s:12:13:39:Infinity":0,"f:12:13:12:25":0,"b:14:15:14:24":0,"b:15:14:15:Infinity":1,"b:19:2:23:Infinity:undefined:undefined:undefined:undefined":2,"s:19:2:23:Infinity":1,"s:20:4:23:Infinity":2,"s:27:2:39:Infinity":3,"f:29:13:29:18":1,"s:30:8:37:Infinity":4}}}
,"C:\\Users\\Lenovo\\Desktop\\state- management\\src\\components\\ErrorBoundary.tsx": {"path":"C:\\Users\\Lenovo\\Desktop\\state- management\\src\\components\\ErrorBoundary.tsx","statementMap":{"0":{"start":{"line":12,"column":30},"end":{"line":13,"column":null}},"1":{"start":{"line":17,"column":4},"end":{"line":17,"column":null}},"2":{"start":{"line":21,"column":4},"end":{"line":21,"column":null}},"3":{"start":{"line":25,"column":4},"end":{"line":33,"column":null}},"4":{"start":{"line":26,"column":6},"end":{"line":33,"column":null}},"5":{"start":{"line":38,"column":4},"end":{"line":38,"column":null}}},"fnMap":{"0":{"name":"(anonymous_0)","decl":{"start":{"line":16,"column":9},"end":{"line":16,"column":56}},"loc":{"start":{"line":16,"column":56},"end":{"line":17,"column":null}},"line":16},"1":{"name":"(anonymous_1)","decl":{"start":{"line":20,"column":2},"end":{"line":20,"column":20}},"loc":{"start":{"line":20,"column":62},"end":{"line":21,"column":null}},"line":20},"2":{"name":"(anonymous_2)","decl":{"start":{"line":24,"column":2},"end":{"line":24,"column":11}},"loc":{"start":{"line":24,"column":11},"end":{"line":38,"column":null}},"line":24}},"branchMap":{"0":{"loc":{"start":{"line":25,"column":4},"end":{"line":33,"column":null}},"type":"if","locations":[{"start":{"line":25,"column":4},"end":{"line":33,"column":null}},{"start":{},"end":{}}],"line":25}},"s":{"0":13,"1":14,"2":7,"3":27,"4":14,"5":13},"f":{"0":13,"1":7,"2":27},"b":{"0":[14,13]},"meta":{"lastBranch":1,"lastFunction":3,"lastStatement":6,"seen":{"s:12:30:13:Infinity":0,"f:16:9:16:56":0,"s:17:4:17:Infinity":1,"f:20:2:20:20":1,"s:21:4:21:Infinity":2,"f:24:2:24:11":2,"b:25:4:33:Infinity:undefined:undefined:undefined:undefined":0,"s:25:4:33:Infinity":3,"s:26:6:33:Infinity":4,"s:38:4:38:Infinity":5}}}
,"C:\\Users\\Lenovo\\Desktop\\state- management\\src\\components\\ErrorMessage.tsx": {"path":"C:\\Users\\Lenovo\\Desktop\\state- management\\src\\components\\ErrorMessage.tsx","statementMap":{"0":{"start":{"line":5,"column":13},"end":{"line":8,"column":null}},"1":{"start":{"line":6,"column":2},"end":{"line":8,"column":null}}},"fnMap":{"0":{"name":"(anonymous_0)","decl":{"start":{"line":5,"column":13},"end":{"line":5,"column":29}},"loc":{"start":{"line":6,"column":2},"end":{"line":8,"column":null}},"line":6}},"branchMap":{},"s":{"0":2,"1":18},"f":{"0":18},"b":{},"meta":{"lastBranch":0,"lastFunction":1,"lastStatement":2,"seen":{"s:5:13:8:Infinity":0,"f:5:13:5:29":0,"s:6:2:8:Infinity":1}}}
,"C:\\Users\\Lenovo\\Desktop\\state- management\\src\\components\\Header.tsx": {"path":"C:\\Users\\Lenovo\\Desktop\\state- management\\src\\components\\Header.tsx","statementMap":{"0":{"start":{"line":5,"column":13},"end":{"line":10,"column":null}},"1":{"start":{"line":6,"column":2},"end":{"line":10,"column":null}}},"fnMap":{"0":{"name":"(anonymous_0)","decl":{"start":{"line":5,"column":13},"end":{"line":5,"column":23}},"loc":{"start":{"line":6,"column":2},"end":{"line":10,"column":null}},"line":6}},"branchMap":{},"s":{"0":2,"1":41},"f":{"0":41},"b":{},"meta":{"lastBranch":0,"lastFunction":1,"lastStatement":2,"seen":{"s:5:13:10:Infinity":0,"f:5:13:5:23":0,"s:6:2:10:Infinity":1}}}
,"C:\\Users\\Lenovo\\Desktop\\state- management\\src\\components\\LoadingIndicator.tsx": {"path":"C:\\Users\\Lenovo\\Desktop\\state- management\\src\\components\\LoadingIndicator.tsx","statementMap":{"0":{"start":{"line":5,"column":13},"end":{"line":15,"column":null}},"1":{"start":{"line":6,"column":2},"end":{"line":15,"column":null}}},"fnMap":{"0":{"name":"(anonymous_0)","decl":{"start":{"line":5,"column":13},"end":{"line":5,"column":33}},"loc":{"start":{"line":6,"column":2},"end":{"line":15,"column":null}},"line":6}},"branchMap":{"0":{"loc":{"start":{"line":5,"column":35},"end":{"line":5,"column":null}},"type":"default-arg","locations":[{"start":{"line":5,"column":45},"end":{"line":5,"column":null}}],"line":5}},"s":{"0":2,"1":61},"f":{"0":61},"b":{"0":[61]},"meta":{"lastBranch":1,"lastFunction":1,"lastStatement":2,"seen":{"s:5:13:15:Infinity":0,"f:5:13:5:33":0,"s:6:2:15:Infinity":1,"b:5:45:5:Infinity":0}}}
,"C:\\Users\\Lenovo\\Desktop\\state- management\\src\\components\\Main.tsx": {"path":"C:\\Users\\Lenovo\\Desktop\\state- management\\src\\components\\Main.tsx","statementMap":{"0":{"start":{"line":7,"column":13},"end":{"line":8,"column":null}},"1":{"start":{"line":8,"column":2},"end":{"line":8,"column":null}}},"fnMap":{"0":{"name":"(anonymous_0)","decl":{"start":{"line":7,"column":13},"end":{"line":7,"column":21}},"loc":{"start":{"line":8,"column":2},"end":{"line":8,"column":null}},"line":8}},"branchMap":{},"s":{"0":2,"1":265},"f":{"0":265},"b":{},"meta":{"lastBranch":0,"lastFunction":1,"lastStatement":2,"seen":{"s:7:13:8:Infinity":0,"f:7:13:7:21":0,"s:8:2:8:Infinity":1}}}
,"C:\\Users\\Lenovo\\Desktop\\state- management\\src\\components\\Pagination.tsx": {"path":"C:\\Users\\Lenovo\\Desktop\\state- management\\src\\components\\Pagination.tsx","statementMap":{"0":{"start":{"line":7,"column":13},"end":{"line":49,"column":null}},"1":{"start":{"line":8,"column":2},"end":{"line":9,"column":null}},"2":{"start":{"line":9,"column":4},"end":{"line":9,"column":null}},"3":{"start":{"line":12,"column":16},"end":{"line":12,"column":75}},"4":{"start":{"line":12,"column":65},"end":{"line":12,"column":75}},"5":{"start":{"line":14,"column":2},"end":{"line":49,"column":null}},"6":{"start":{"line":19,"column":23},"end":{"line":19,"column":52}},"7":{"start":{"line":26,"column":8},"end":{"line":39,"column":null}},"8":{"start":{"line":34,"column":25},"end":{"line":34,"column":43}},"9":{"start":{"line":44,"column":23},"end":{"line":44,"column":52}}},"fnMap":{"0":{"name":"(anonymous_0)","decl":{"start":{"line":7,"column":13},"end":{"line":7,"column":27}},"loc":{"start":{"line":7,"column":90},"end":{"line":49,"column":null}},"line":7},"1":{"name":"(anonymous_1)","decl":{"start":{"line":12,"column":49},"end":{"line":12,"column":52}},"loc":{"start":{"line":12,"column":65},"end":{"line":12,"column":75}},"line":12},"2":{"name":"(anonymous_2)","decl":{"start":{"line":19,"column":8},"end":{"line":19,"column":23}},"loc":{"start":{"line":19,"column":23},"end":{"line":19,"column":52}},"line":19},"3":{"name":"(anonymous_3)","decl":{"start":{"line":25,"column":13},"end":{"line":25,"column":18}},"loc":{"start":{"line":26,"column":8},"end":{"line":39,"column":null}},"line":26},"4":{"name":"(anonymous_4)","decl":{"start":{"line":34,"column":10},"end":{"line":34,"column":25}},"loc":{"start":{"line":34,"column":25},"end":{"line":34,"column":43}},"line":34},"5":{"name":"(anonymous_5)","decl":{"start":{"line":44,"column":8},"end":{"line":44,"column":23}},"loc":{"start":{"line":44,"column":23},"end":{"line":44,"column":52}},"line":44}},"branchMap":{"0":{"loc":{"start":{"line":8,"column":2},"end":{"line":9,"column":null}},"type":"if","locations":[{"start":{"line":8,"column":2},"end":{"line":9,"column":null}},{"start":{},"end":{}}],"line":8},"1":{"loc":{"start":{"line":30,"column":12},"end":{"line":32,"column":null}},"type":"cond-expr","locations":[{"start":{"line":31,"column":16},"end":{"line":31,"column":null}},{"start":{"line":32,"column":16},"end":{"line":32,"column":null}}],"line":30},"2":{"loc":{"start":{"line":36,"column":24},"end":{"line":36,"column":null}},"type":"cond-expr","locations":[{"start":{"line":36,"column":47},"end":{"line":36,"column":56}},{"start":{"line":36,"column":56},"end":{"line":36,"column":null}}],"line":36}},"s":{"0":2,"1":155,"2":142,"3":13,"4":39,"5":13,"6":0,"7":39,"8":2,"9":0},"f":{"0":155,"1":39,"2":0,"3":39,"4":2,"5":0},"b":{"0":[142,13],"1":[13,26],"2":[13,26]},"meta":{"lastBranch":3,"lastFunction":6,"lastStatement":10,"seen":{"s:7:13:49:Infinity":0,"f:7:13:7:27":0,"b:8:2:9:Infinity:undefined:undefined:undefined:undefined":0,"s:8:2:9:Infinity":1,"s:9:4:9:Infinity":2,"s:12:16:12:75":3,"f:12:49:12:52":1,"s:12:65:12:75":4,"s:14:2:49:Infinity":5,"f:19:8:19:23":2,"s:19:23:19:52":6,"f:25:13:25:18":3,"s:26:8:39:Infinity":7,"b:31:16:31:Infinity:32:16:32:Infinity":1,"f:34:10:34:25":4,"s:34:25:34:43":8,"b:36:47:36:56:36:56:36:Infinity":2,"f:44:8:44:23":5,"s:44:23:44:52":9}}}
,"C:\\Users\\Lenovo\\Desktop\\state- management\\src\\components\\Search.tsx": {"path":"C:\\Users\\Lenovo\\Desktop\\state- management\\src\\components\\Search.tsx","statementMap":{"0":{"start":{"line":9,"column":13},"end":{"line":30,"column":null}},"1":{"start":{"line":10,"column":8},"end":{"line":11,"column":null}},"2":{"start":{"line":11,"column":4},"end":{"line":11,"column":null}},"3":{"start":{"line":14,"column":2},"end":{"line":30,"column":null}}},"fnMap":{"0":{"name":"(anonymous_0)","decl":{"start":{"line":9,"column":13},"end":{"line":9,"column":23}},"loc":{"start":{"line":9,"column":75},"end":{"line":30,"column":null}},"line":9},"1":{"name":"(anonymous_1)","decl":{"start":{"line":10,"column":8},"end":{"line":10,"column":29}},"loc":{"start":{"line":10,"column":70},"end":{"line":11,"column":null}},"line":10}},"branchMap":{},"s":{"0":2,"1":265,"2":51,"3":265},"f":{"0":265,"1":51},"b":{},"meta":{"lastBranch":0,"lastFunction":2,"lastStatement":4,"seen":{"s:9:13:30:Infinity":0,"f:9:13:9:23":0,"s:10:8:11:Infinity":1,"f:10:8:10:29":1,"s:11:4:11:Infinity":2,"s:14:2:30:Infinity":3}}}
,"C:\\Users\\Lenovo\\Desktop\\state- management\\src\\components\\SelectedItemsFlyout.tsx": {"path":"C:\\Users\\Lenovo\\Desktop\\state- management\\src\\components\\SelectedItemsFlyout.tsx","statementMap":{"0":{"start":{"line":5,"column":13},"end":{"line":45,"column":null}},"1":{"start":{"line":6,"column":8},"end":{"line":6,"column":83}},"2":{"start":{"line":6,"column":63},"end":{"line":6,"column":83}},"3":{"start":{"line":7,"column":8},"end":{"line":7,"column":67}},"4":{"start":{"line":7,"column":52},"end":{"line":7,"column":67}},"5":{"start":{"line":8,"column":8},"end":{"line":10,"column":null}},"6":{"start":{"line":9,"column":10},"end":{"line":9,"column":44}},"7":{"start":{"line":12,"column":24},"end":{"line":12,"column":null}},"8":{"start":{"line":14,"column":2},"end":{"line":15,"column":null}},"9":{"start":{"line":15,"column":4},"end":{"line":15,"column":null}},"10":{"start":{"line":18,"column":8},"end":{"line":19,"column":null}},"11":{"start":{"line":19,"column":4},"end":{"line":19,"column":null}},"12":{"start":{"line":22,"column":2},"end":{"line":45,"column":null}}},"fnMap":{"0":{"name":"(anonymous_0)","decl":{"start":{"line":5,"column":13},"end":{"line":5,"column":41}},"loc":{"start":{"line":5,"column":41},"end":{"line":45,"column":null}},"line":5},"1":{"name":"(anonymous_1)","decl":{"start":{"line":6,"column":30},"end":{"line":6,"column":53}},"loc":{"start":{"line":6,"column":63},"end":{"line":6,"column":83}},"line":6},"2":{"name":"(anonymous_2)","decl":{"start":{"line":7,"column":19},"end":{"line":7,"column":42}},"loc":{"start":{"line":7,"column":52},"end":{"line":7,"column":67}},"line":7},"3":{"name":"(anonymous_3)","decl":{"start":{"line":8,"column":24},"end":{"line":8,"column":null}},"loc":{"start":{"line":9,"column":10},"end":{"line":9,"column":44}},"line":9},"4":{"name":"(anonymous_4)","decl":{"start":{"line":18,"column":8},"end":{"line":18,"column":31}},"loc":{"start":{"line":18,"column":31},"end":{"line":19,"column":null}},"line":18}},"branchMap":{"0":{"loc":{"start":{"line":14,"column":2},"end":{"line":15,"column":null}},"type":"if","locations":[{"start":{"line":14,"column":2},"end":{"line":15,"column":null}},{"start":{},"end":{}}],"line":14},"1":{"loc":{"start":{"line":29,"column":29},"end":{"line":29,"column":60}},"type":"cond-expr","locations":[{"start":{"line":29,"column":51},"end":{"line":29,"column":56}},{"start":{"line":29,"column":56},"end":{"line":29,"column":60}}],"line":29}},"s":{"0":2,"1":52,"2":166,"3":52,"4":166,"5":52,"6":52,"7":52,"8":52,"9":42,"10":10,"11":2,"12":10},"f":{"0":52,"1":166,"2":166,"3":52,"4":2},"b":{"0":[42,10],"1":[8,2]},"meta":{"lastBranch":2,"lastFunction":5,"lastStatement":13,"seen":{"s:5:13:45:Infinity":0,"f:5:13:5:41":0,"s:6:8:6:83":1,"f:6:30:6:53":1,"s:6:63:6:83":2,"s:7:8:7:67":3,"f:7:19:7:42":2,"s:7:52:7:67":4,"s:8:8:10:Infinity":5,"f:8:24:8:Infinity":3,"s:9:10:9:44":6,"s:12:24:12:Infinity":7,"b:14:2:15:Infinity:undefined:undefined:undefined:undefined":0,"s:14:2:15:Infinity":8,"s:15:4:15:Infinity":9,"s:18:8:19:Infinity":10,"f:18:8:18:31":4,"s:19:4:19:Infinity":11,"s:22:2:45:Infinity":12,"b:29:51:29:56:29:56:29:60":1}}}
,"C:\\Users\\Lenovo\\Desktop\\state- management\\src\\components\\ThemeToggle.tsx": {"path":"C:\\Users\\Lenovo\\Desktop\\state- management\\src\\components\\ThemeToggle.tsx","statementMap":{"0":{"start":{"line":3,"column":56},"end":{"line":5,"column":null}},"1":{"start":{"line":8,"column":13},"end":{"line":32,"column":null}},"2":{"start":{"line":9,"column":17},"end":{"line":9,"column":40}},"3":{"start":{"line":11,"column":2},"end":{"line":32,"column":null}},"4":{"start":{"line":18,"column":8},"end":{"line":31,"column":null}},"5":{"start":{"line":27,"column":28},"end":{"line":27,"column":50}}},"fnMap":{"0":{"name":"(anonymous_0)","decl":{"start":{"line":8,"column":13},"end":{"line":8,"column":33}},"loc":{"start":{"line":8,"column":33},"end":{"line":32,"column":null}},"line":8},"1":{"name":"(anonymous_1)","decl":{"start":{"line":17,"column":20},"end":{"line":17,"column":25}},"loc":{"start":{"line":18,"column":8},"end":{"line":31,"column":null}},"line":18},"2":{"name":"(anonymous_2)","decl":{"start":{"line":27,"column":12},"end":{"line":27,"column":28}},"loc":{"start":{"line":27,"column":28},"end":{"line":27,"column":50}},"line":27}},"branchMap":{},"s":{"0":2,"1":2,"2":42,"3":42,"4":84,"5":2},"f":{"0":42,"1":84,"2":2},"b":{},"meta":{"lastBranch":0,"lastFunction":3,"lastStatement":6,"seen":{"s:3:56:5:Infinity":0,"s:8:13:32:Infinity":1,"f:8:13:8:33":0,"s:9:17:9:40":2,"s:11:2:32:Infinity":3,"f:17:20:17:25":1,"s:18:8:31:Infinity":4,"f:27:12:27:28":2,"s:27:28:27:50":5}}}
,"C:\\Users\\Lenovo\\Desktop\\state- management\\src\\context\\ThemeContext.tsx": {"path":"C:\\Users\\Lenovo\\Desktop\\state- management\\src\\context\\ThemeContext.tsx","statementMap":{"0":{"start":{"line":18,"column":6},"end":{"line":18,"column":66}},"1":{"start":{"line":24,"column":13},"end":{"line":44,"column":null}},"2":{"start":{"line":25,"column":16},"end":{"line":25,"column":52}},"3":{"start":{"line":27,"column":2},"end":{"line":30,"column":null}},"4":{"start":{"line":28,"column":4},"end":{"line":28,"column":null}},"5":{"start":{"line":29,"column":4},"end":{"line":29,"column":null}},"6":{"start":{"line":32,"column":8},"end":{"line":34,"column":8}},"7":{"start":{"line":33,"column":4},"end":{"line":33,"column":null}},"8":{"start":{"line":36,"column":8},"end":{"line":41,"column":null}},"9":{"start":{"line":37,"column":11},"end":{"line":40,"column":null}},"10":{"start":{"line":44,"column":2},"end":{"line":44,"column":null}},"11":{"start":{"line":47,"column":13},"end":{"line":52,"column":null}},"12":{"start":{"line":48,"column":8},"end":{"line":48,"column":42}},"13":{"start":{"line":49,"column":2},"end":{"line":50,"column":null}},"14":{"start":{"line":50,"column":4},"end":{"line":50,"column":null}},"15":{"start":{"line":52,"column":2},"end":{"line":52,"column":null}}},"fnMap":{"0":{"name":"(anonymous_0)","decl":{"start":{"line":24,"column":13},"end":{"line":24,"column":30}},"loc":{"start":{"line":24,"column":67},"end":{"line":44,"column":null}},"line":24},"1":{"name":"(anonymous_1)","decl":{"start":{"line":27,"column":2},"end":{"line":27,"column":18}},"loc":{"start":{"line":27,"column":18},"end":{"line":30,"column":6}},"line":27},"2":{"name":"(anonymous_2)","decl":{"start":{"line":32,"column":25},"end":{"line":32,"column":38}},"loc":{"start":{"line":32,"column":59},"end":{"line":34,"column":7}},"line":32},"3":{"name":"(anonymous_3)","decl":{"start":{"line":36,"column":16},"end":{"line":36,"column":null}},"loc":{"start":{"line":37,"column":11},"end":{"line":40,"column":null}},"line":37},"4":{"name":"(anonymous_4)","decl":{"start":{"line":47,"column":13},"end":{"line":47,"column":49}},"loc":{"start":{"line":47,"column":49},"end":{"line":52,"column":null}},"line":47}},"branchMap":{"0":{"loc":{"start":{"line":49,"column":2},"end":{"line":50,"column":null}},"type":"if","locations":[{"start":{"line":49,"column":2},"end":{"line":50,"column":null}},{"start":{},"end":{}}],"line":49}},"s":{"0":3,"1":3,"2":46,"3":46,"4":45,"5":45,"6":46,"7":3,"8":46,"9":45,"10":46,"11":3,"12":48,"13":48,"14":2,"15":45},"f":{"0":46,"1":45,"2":3,"3":45,"4":48},"b":{"0":[2,46]},"meta":{"lastBranch":1,"lastFunction":5,"lastStatement":16,"seen":{"s:18:6:18:66":0,"s:24:13:44:Infinity":1,"f:24:13:24:30":0,"s:25:16:25:52":2,"s:27:2:30:Infinity":3,"f:27:2:27:18":1,"s:28:4:28:Infinity":4,"s:29:4:29:Infinity":5,"s:32:8:34:8":6,"f:32:25:32:38":2,"s:33:4:33:Infinity":7,"s:36:8:41:Infinity":8,"f:36:16:36:Infinity":3,"s:37:11:40:Infinity":9,"s:44:2:44:Infinity":10,"s:47:13:52:Infinity":11,"f:47:13:47:49":4,"s:48:8:48:42":12,"b:49:2:50:Infinity:undefined:undefined:undefined:undefined":0,"s:49:2:50:Infinity":13,"s:50:4:50:Infinity":14,"s:52:2:52:Infinity":15}}}
,"C:\\Users\\Lenovo\\Desktop\\state- management\\src\\hooks\\useLocalStorage.ts": {"path":"C:\\Users\\Lenovo\\Desktop\\state- management\\src\\hooks\\useLocalStorage.ts","statementMap":{"0":{"start":{"line":3,"column":13},"end":{"line":22,"column":null}},"1":{"start":{"line":4,"column":22},"end":{"line":7,"column":null}},"2":{"start":{"line":5,"column":16},"end":{"line":5,"column":41}},"3":{"start":{"line":6,"column":4},"end":{"line":6,"column":null}},"4":{"start":{"line":9,"column":8},"end":{"line":14,"column":null}},"5":{"start":{"line":11,"column":6},"end":{"line":11,"column":null}},"6":{"start":{"line":12,"column":6},"end":{"line":12,"column":null}},"7":{"start":{"line":17,"column":8},"end":{"line":20,"column":11}},"8":{"start":{"line":18,"column":16},"end":{"line":18,"column":41}},"9":{"start":{"line":19,"column":4},"end":{"line":19,"column":null}},"10":{"start":{"line":22,"column":2},"end":{"line":22,"column":null}}},"fnMap":{"0":{"name":"(anonymous_0)","decl":{"start":{"line":3,"column":13},"end":{"line":3,"column":32}},"loc":{"start":{"line":3,"column":48},"end":{"line":22,"column":null}},"line":3},"1":{"name":"(anonymous_1)","decl":{"start":{"line":4,"column":40},"end":{"line":4,"column":55}},"loc":{"start":{"line":4,"column":55},"end":{"line":7,"column":null}},"line":4},"2":{"name":"(anonymous_2)","decl":{"start":{"line":9,"column":19},"end":{"line":9,"column":null}},"loc":{"start":{"line":10,"column":23},"end":{"line":14,"column":5}},"line":10},"3":{"name":"(anonymous_3)","decl":{"start":{"line":17,"column":19},"end":{"line":17,"column":37}},"loc":{"start":{"line":17,"column":37},"end":{"line":20,"column":6}},"line":17}},"branchMap":{"0":{"loc":{"start":{"line":6,"column":11},"end":{"line":6,"column":null}},"type":"binary-expr","locations":[{"start":{"line":6,"column":11},"end":{"line":6,"column":22}},{"start":{"line":6,"column":26},"end":{"line":6,"column":null}}],"line":6},"1":{"loc":{"start":{"line":19,"column":11},"end":{"line":19,"column":null}},"type":"binary-expr","locations":[{"start":{"line":19,"column":11},"end":{"line":19,"column":22}},{"start":{"line":19,"column":26},"end":{"line":19,"column":null}}],"line":19}},"s":{"0":2,"1":264,"2":42,"3":42,"4":264,"5":8,"6":8,"7":264,"8":1,"9":1,"10":264},"f":{"0":264,"1":42,"2":8,"3":1},"b":{"0":[42,37],"1":[1,0]},"meta":{"lastBranch":2,"lastFunction":4,"lastStatement":11,"seen":{"s:3:13:22:Infinity":0,"f:3:13:3:32":0,"s:4:22:7:Infinity":1,"f:4:40:4:55":1,"s:5:16:5:41":2,"s:6:4:6:Infinity":3,"b:6:11:6:22:6:26:6:Infinity":0,"s:9:8:14:Infinity":4,"f:9:19:9:Infinity":2,"s:11:6:11:Infinity":5,"s:12:6:12:Infinity":6,"s:17:8:20:11":7,"f:17:19:17:37":3,"s:18:16:18:41":8,"s:19:4:19:Infinity":9,"b:19:11:19:22:19:26:19:Infinity":1,"s:22:2:22:Infinity":10}}}
,"C:\\Users\\Lenovo\\Desktop\\state- management\\src\\pages\\AboutPage.tsx": {"path":"C:\\Users\\Lenovo\\Desktop\\state- management\\src\\pages\\AboutPage.tsx","statementMap":{"0":{"start":{"line":3,"column":13},"end":{"line":31,"column":null}},"1":{"start":{"line":4,"column":2},"end":{"line":31,"column":null}}},"fnMap":{"0":{"name":"(anonymous_0)","decl":{"start":{"line":3,"column":13},"end":{"line":3,"column":null}},"loc":{"start":{"line":4,"column":2},"end":{"line":31,"column":null}},"line":4}},"branchMap":{},"s":{"0":1,"1":2},"f":{"0":2},"b":{},"meta":{"lastBranch":0,"lastFunction":1,"lastStatement":2,"seen":{"s:3:13:31:Infinity":0,"f:3:13:3:Infinity":0,"s:4:2:31:Infinity":1}}}
,"C:\\Users\\Lenovo\\Desktop\\state- management\\src\\pages\\DetailsPanel.tsx": {"path":"C:\\Users\\Lenovo\\Desktop\\state- management\\src\\pages\\DetailsPanel.tsx","statementMap":{"0":{"start":{"line":12,"column":13},"end":{"line":89,"column":null}},"1":{"start":{"line":13,"column":9},"end":{"line":13,"column":42}},"2":{"start":{"line":14,"column":10},"end":{"line":14,"column":62}},"3":{"start":{"line":15,"column":20},"end":{"line":15,"column":47}},"4":{"start":{"line":17,"column":18},"end":{"line":17,"column":62}},"5":{"start":{"line":18,"column":20},"end":{"line":18,"column":51}},"6":{"start":{"line":19,"column":23},"end":{"line":19,"column":54}},"7":{"start":{"line":21,"column":2},"end":{"line":51,"column":null}},"8":{"start":{"line":22,"column":4},"end":{"line":25,"column":null}},"9":{"start":{"line":23,"column":6},"end":{"line":23,"column":null}},"10":{"start":{"line":24,"column":6},"end":{"line":24,"column":null}},"11":{"start":{"line":25,"column":6},"end":{"line":25,"column":null}},"12":{"start":{"line":28,"column":15},"end":{"line":28,"column":32}},"13":{"start":{"line":29,"column":4},"end":{"line":32,"column":null}},"14":{"start":{"line":30,"column":6},"end":{"line":30,"column":null}},"15":{"start":{"line":31,"column":6},"end":{"line":31,"column":null}},"16":{"start":{"line":32,"column":6},"end":{"line":32,"column":null}},"17":{"start":{"line":35,"column":24},"end":{"line":46,"column":null}},"18":{"start":{"line":36,"column":6},"end":{"line":36,"column":null}},"19":{"start":{"line":37,"column":6},"end":{"line":37,"column":null}},"20":{"start":{"line":38,"column":6},"end":{"line":38,"column":null}},"21":{"start":{"line":40,"column":6},"end":{"line":46,"column":null}},"22":{"start":{"line":41,"column":21},"end":{"line":41,"column":47}},"23":{"start":{"line":42,"column":8},"end":{"line":42,"column":null}},"24":{"start":{"line":44,"column":8},"end":{"line":44,"column":null}},"25":{"start":{"line":46,"column":8},"end":{"line":46,"column":null}},"26":{"start":{"line":50,"column":4},"end":{"line":50,"column":null}},"27":{"start":{"line":53,"column":2},"end":{"line":54,"column":null}},"28":{"start":{"line":54,"column":4},"end":{"line":54,"column":null}},"29":{"start":{"line":57,"column":2},"end":{"line":89,"column":null}},"30":{"start":{"line":61,"column":26},"end":{"line":61,"column":49}},"31":{"start":{"line":62,"column":28},"end":{"line":62,"column":51}}},"fnMap":{"0":{"name":"(anonymous_0)","decl":{"start":{"line":12,"column":13},"end":{"line":12,"column":34}},"loc":{"start":{"line":12,"column":34},"end":{"line":89,"column":null}},"line":12},"1":{"name":"(anonymous_1)","decl":{"start":{"line":21,"column":2},"end":{"line":21,"column":18}},"loc":{"start":{"line":21,"column":18},"end":{"line":51,"column":6}},"line":21},"2":{"name":"(anonymous_2)","decl":{"start":{"line":35,"column":24},"end":{"line":35,"column":36}},"loc":{"start":{"line":35,"column":36},"end":{"line":46,"column":null}},"line":35},"3":{"name":"(anonymous_3)","decl":{"start":{"line":61,"column":6},"end":{"line":61,"column":16}},"loc":{"start":{"line":61,"column":26},"end":{"line":61,"column":49}},"line":61},"4":{"name":"(anonymous_4)","decl":{"start":{"line":62,"column":6},"end":{"line":62,"column":18}},"loc":{"start":{"line":62,"column":28},"end":{"line":62,"column":51}},"line":62}},"branchMap":{"0":{"loc":{"start":{"line":22,"column":4},"end":{"line":25,"column":null}},"type":"if","locations":[{"start":{"line":22,"column":4},"end":{"line":25,"column":null}},{"start":{},"end":{}}],"line":22},"1":{"loc":{"start":{"line":29,"column":4},"end":{"line":32,"column":null}},"type":"if","locations":[{"start":{"line":29,"column":4},"end":{"line":32,"column":null}},{"start":{},"end":{}}],"line":29},"2":{"loc":{"start":{"line":53,"column":2},"end":{"line":54,"column":null}},"type":"if","locations":[{"start":{"line":53,"column":2},"end":{"line":54,"column":null}},{"start":{},"end":{}}],"line":53},"3":{"loc":{"start":{"line":76,"column":7},"end":{"line":76,"column":null}},"type":"binary-expr","locations":[{"start":{"line":76,"column":7},"end":{"line":76,"column":20}},{"start":{"line":76,"column":20},"end":{"line":76,"column":null}}],"line":76},"4":{"loc":{"start":{"line":78,"column":7},"end":{"line":78,"column":null}},"type":"binary-expr","locations":[{"start":{"line":78,"column":7},"end":{"line":78,"column":21}},{"start":{"line":78,"column":21},"end":{"line":78,"column":37}},{"start":{"line":78,"column":37},"end":{"line":78,"column":null}}],"line":78},"5":{"loc":{"start":{"line":80,"column":7},"end":{"line":89,"column":null}},"type":"binary-expr","locations":[{"start":{"line":80,"column":7},"end":{"line":80,"column":21}},{"start":{"line":80,"column":21},"end":{"line":80,"column":38}},{"start":{"line":80,"column":38},"end":{"line":80,"column":null}},{"start":{"line":81,"column":8},"end":{"line":89,"column":null}}],"line":80}},"s":{"0":1,"1":264,"2":264,"3":264,"4":264,"5":264,"6":264,"7":264,"8":41,"9":38,"10":38,"11":38,"12":3,"13":3,"14":0,"15":0,"16":0,"17":3,"18":3,"19":3,"20":3,"21":3,"22":3,"23":3,"24":0,"25":3,"26":3,"27":264,"28":255,"29":9,"30":1,"31":0},"f":{"0":264,"1":41,"2":3,"3":1,"4":0},"b":{"0":[38,3],"1":[0,3],"2":[255,9],"3":[9,3],"4":[264,6,0],"5":[264,6,6,3]},"meta":{"lastBranch":6,"lastFunction":5,"lastStatement":32,"seen":{"s:12:13:89:Infinity":0,"f:12:13:12:34":0,"s:13:9:13:42":1,"s:14:10:14:62":2,"s:15:20:15:47":3,"s:17:18:17:62":4,"s:18:20:18:51":5,"s:19:23:19:54":6,"s:21:2:51:Infinity":7,"f:21:2:21:18":1,"b:22:4:25:Infinity:undefined:undefined:undefined:undefined":0,"s:22:4:25:Infinity":8,"s:23:6:23:Infinity":9,"s:24:6:24:Infinity":10,"s:25:6:25:Infinity":11,"s:28:15:28:32":12,"b:29:4:32:Infinity:undefined:undefined:undefined:undefined":1,"s:29:4:32:Infinity":13,"s:30:6:30:Infinity":14,"s:31:6:31:Infinity":15,"s:32:6:32:Infinity":16,"s:35:24:46:Infinity":17,"f:35:24:35:36":2,"s:36:6:36:Infinity":18,"s:37:6:37:Infinity":19,"s:38:6:38:Infinity":20,"s:40:6:46:Infinity":21,"s:41:21:41:47":22,"s:42:8:42:Infinity":23,"s:44:8:44:Infinity":24,"s:46:8:46:Infinity":25,"s:50:4:50:Infinity":26,"b:53:2:54:Infinity:undefined:undefined:undefined:undefined":2,"s:53:2:54:Infinity":27,"s:54:4:54:Infinity":28,"s:57:2:89:Infinity":29,"f:61:6:61:16":3,"s:61:26:61:49":30,"f:62:6:62:18":4,"s:62:28:62:51":31,"b:76:7:76:20:76:20:76:Infinity":3,"b:78:7:78:21:78:21:78:37:78:37:78:Infinity":4,"b:80:7:80:21:80:21:80:38:80:38:80:Infinity:81:8:89:Infinity":5}}}
,"C:\\Users\\Lenovo\\Desktop\\state- management\\src\\pages\\HomePage.tsx": {"path":"C:\\Users\\Lenovo\\Desktop\\state- management\\src\\pages\\HomePage.tsx","statementMap":{"0":{"start":{"line":14,"column":27},"end":{"line":14,"column":null}},"1":{"start":{"line":16,"column":6},"end":{"line":18,"column":null}},"2":{"start":{"line":17,"column":17},"end":{"line":17,"column":39}},"3":{"start":{"line":18,"column":2},"end":{"line":18,"column":null}},"4":{"start":{"line":21,"column":13},"end":{"line":219,"column":null}},"5":{"start":{"line":22,"column":23},"end":{"line":22,"column":59}},"6":{"start":{"line":23,"column":8},"end":{"line":23,"column":79}},"7":{"start":{"line":23,"column":62},"end":{"line":23,"column":79}},"8":{"start":{"line":24,"column":8},"end":{"line":24,"column":77}},"9":{"start":{"line":24,"column":57},"end":{"line":24,"column":77}},"10":{"start":{"line":25,"column":8},"end":{"line":27,"column":null}},"11":{"start":{"line":26,"column":10},"end":{"line":26,"column":57}},"12":{"start":{"line":29,"column":50},"end":{"line":30,"column":39}},"13":{"start":{"line":32,"column":15},"end":{"line":32,"column":50}},"14":{"start":{"line":33,"column":23},"end":{"line":33,"column":50}},"15":{"start":{"line":34,"column":21},"end":{"line":34,"column":null}},"16":{"start":{"line":36,"column":21},"end":{"line":36,"column":63}},"17":{"start":{"line":37,"column":30},"end":{"line":37,"column":81}},"18":{"start":{"line":38,"column":16},"end":{"line":38,"column":51}},"19":{"start":{"line":39,"column":16},"end":{"line":39,"column":39}},"20":{"start":{"line":40,"column":20},"end":{"line":40,"column":51}},"21":{"start":{"line":41,"column":23},"end":{"line":41,"column":54}},"22":{"start":{"line":43,"column":8},"end":{"line":57,"column":null}},"23":{"start":{"line":45,"column":6},"end":{"line":55,"column":null}},"24":{"start":{"line":47,"column":23},"end":{"line":47,"column":51}},"25":{"start":{"line":48,"column":10},"end":{"line":48,"column":null}},"26":{"start":{"line":49,"column":10},"end":{"line":50,"column":null}},"27":{"start":{"line":50,"column":12},"end":{"line":50,"column":null}},"28":{"start":{"line":52,"column":10},"end":{"line":52,"column":null}},"29":{"start":{"line":60,"column":2},"end":{"line":66,"column":null}},"30":{"start":{"line":61,"column":4},"end":{"line":64,"column":null}},"31":{"start":{"line":62,"column":6},"end":{"line":64,"column":null}},"32":{"start":{"line":63,"column":8},"end":{"line":63,"column":null}},"33":{"start":{"line":68,"column":8},"end":{"line":83,"column":8}},"34":{"start":{"line":69,"column":4},"end":{"line":69,"column":null}},"35":{"start":{"line":70,"column":4},"end":{"line":70,"column":null}},"36":{"start":{"line":72,"column":4},"end":{"line":81,"column":null}},"37":{"start":{"line":73,"column":21},"end":{"line":73,"column":65}},"38":{"start":{"line":74,"column":6},"end":{"line":74,"column":null}},"39":{"start":{"line":75,"column":6},"end":{"line":75,"column":null}},"40":{"start":{"line":77,"column":6},"end":{"line":77,"column":null}},"41":{"start":{"line":78,"column":6},"end":{"line":78,"column":null}},"42":{"start":{"line":79,"column":6},"end":{"line":79,"column":null}},"43":{"start":{"line":81,"column":6},"end":{"line":81,"column":null}},"44":{"start":{"line":85,"column":2},"end":{"line":87,"column":null}},"45":{"start":{"line":86,"column":4},"end":{"line":86,"column":null}},"46":{"start":{"line":89,"column":21},"end":{"line":89,"column":62}},"47":{"start":{"line":91,"column":2},"end":{"line":97,"column":null}},"48":{"start":{"line":92,"column":4},"end":{"line":95,"column":null}},"49":{"start":{"line":93,"column":6},"end":{"line":95,"column":null}},"50":{"start":{"line":94,"column":8},"end":{"line":94,"column":null}},"51":{"start":{"line":99,"column":8},"end":{"line":104,"column":null}},"52":{"start":{"line":100,"column":4},"end":{"line":100,"column":null}},"53":{"start":{"line":101,"column":4},"end":{"line":104,"column":null}},"54":{"start":{"line":102,"column":6},"end":{"line":102,"column":null}},"55":{"start":{"line":103,"column":6},"end":{"line":103,"column":null}},"56":{"start":{"line":107,"column":8},"end":{"line":120,"column":null}},"57":{"start":{"line":108,"column":26},"end":{"line":108,"column":43}},"58":{"start":{"line":110,"column":4},"end":{"line":111,"column":null}},"59":{"start":{"line":111,"column":6},"end":{"line":111,"column":null}},"60":{"start":{"line":114,"column":4},"end":{"line":114,"column":null}},"61":{"start":{"line":115,"column":4},"end":{"line":115,"column":null}},"62":{"start":{"line":116,"column":4},"end":{"line":116,"column":null}},"63":{"start":{"line":117,"column":4},"end":{"line":120,"column":null}},"64":{"start":{"line":118,"column":6},"end":{"line":118,"column":null}},"65":{"start":{"line":119,"column":6},"end":{"line":119,"column":null}},"66":{"start":{"line":123,"column":8},"end":{"line":126,"column":null}},"67":{"start":{"line":124,"column":4},"end":{"line":126,"column":null}},"68":{"start":{"line":125,"column":6},"end":{"line":125,"column":null}},"69":{"start":{"line":129,"column":8},"end":{"line":132,"column":null}},"70":{"start":{"line":130,"column":4},"end":{"line":132,"column":null}},"71":{"start":{"line":131,"column":6},"end":{"line":131,"column":null}},"72":{"start":{"line":135,"column":8},"end":{"line":136,"column":null}},"73":{"start":{"line":136,"column":4},"end":{"line":136,"column":null}},"74":{"start":{"line":139,"column":8},"end":{"line":142,"column":null}},"75":{"start":{"line":140,"column":4},"end":{"line":142,"column":null}},"76":{"start":{"line":141,"column":6},"end":{"line":141,"column":null}},"77":{"start":{"line":145,"column":8},"end":{"line":147,"column":null}},"78":{"start":{"line":146,"column":4},"end":{"line":147,"column":null}},"79":{"start":{"line":147,"column":6},"end":{"line":147,"column":null}},"80":{"start":{"line":151,"column":25},"end":{"line":151,"column":null}},"81":{"start":{"line":152,"column":25},"end":{"line":152,"column":46}},"82":{"start":{"line":154,"column":24},"end":{"line":154,"column":55}},"83":{"start":{"line":156,"column":8},"end":{"line":181,"column":null}},"84":{"start":{"line":157,"column":4},"end":{"line":158,"column":null}},"85":{"start":{"line":158,"column":6},"end":{"line":158,"column":null}},"86":{"start":{"line":161,"column":4},"end":{"line":162,"column":null}},"87":{"start":{"line":162,"column":6},"end":{"line":162,"column":null}},"88":{"start":{"line":165,"column":4},"end":{"line":181,"column":null}},"89":{"start":{"line":185,"column":2},"end":{"line":219,"column":null}},"90":{"start":{"line":203,"column":12},"end":{"line":204,"column":null}},"91":{"start":{"line":204,"column":14},"end":{"line":204,"column":null}}},"fnMap":{"0":{"name":"(anonymous_0)","decl":{"start":{"line":16,"column":6},"end":{"line":16,"column":19}},"loc":{"start":{"line":16,"column":54},"end":{"line":18,"column":null}},"line":16},"1":{"name":"(anonymous_1)","decl":{"start":{"line":21,"column":13},"end":{"line":21,"column":30}},"loc":{"start":{"line":21,"column":30},"end":{"line":219,"column":null}},"line":21},"2":{"name":"(anonymous_2)","decl":{"start":{"line":23,"column":29},"end":{"line":23,"column":52}},"loc":{"start":{"line":23,"column":62},"end":{"line":23,"column":79}},"line":23},"3":{"name":"(anonymous_3)","decl":{"start":{"line":24,"column":24},"end":{"line":24,"column":47}},"loc":{"start":{"line":24,"column":57},"end":{"line":24,"column":77}},"line":24},"4":{"name":"(anonymous_4)","decl":{"start":{"line":25,"column":21},"end":{"line":25,"column":null}},"loc":{"start":{"line":26,"column":10},"end":{"line":26,"column":57}},"line":26},"5":{"name":"(anonymous_5)","decl":{"start":{"line":43,"column":29},"end":{"line":43,"column":null}},"loc":{"start":{"line":44,"column":85},"end":{"line":57,"column":5}},"line":44},"6":{"name":"(anonymous_6)","decl":{"start":{"line":45,"column":6},"end":{"line":45,"column":null}},"loc":{"start":{"line":46,"column":21},"end":{"line":54,"column":null}},"line":46},"7":{"name":"(anonymous_7)","decl":{"start":{"line":60,"column":2},"end":{"line":60,"column":18}},"loc":{"start":{"line":60,"column":18},"end":{"line":66,"column":6}},"line":60},"8":{"name":"(anonymous_8)","decl":{"start":{"line":62,"column":6},"end":{"line":62,"column":26}},"loc":{"start":{"line":62,"column":37},"end":{"line":64,"column":11}},"line":62},"9":{"name":"(anonymous_9)","decl":{"start":{"line":68,"column":35},"end":{"line":68,"column":42}},"loc":{"start":{"line":68,"column":86},"end":{"line":83,"column":7}},"line":68},"10":{"name":"(anonymous_10)","decl":{"start":{"line":85,"column":2},"end":{"line":85,"column":18}},"loc":{"start":{"line":85,"column":18},"end":{"line":87,"column":6}},"line":85},"11":{"name":"(anonymous_11)","decl":{"start":{"line":91,"column":2},"end":{"line":91,"column":18}},"loc":{"start":{"line":91,"column":18},"end":{"line":97,"column":6}},"line":91},"12":{"name":"(anonymous_12)","decl":{"start":{"line":93,"column":6},"end":{"line":93,"column":26}},"loc":{"start":{"line":93,"column":37},"end":{"line":95,"column":11}},"line":93},"13":{"name":"(anonymous_13)","decl":{"start":{"line":99,"column":8},"end":{"line":99,"column":29}},"loc":{"start":{"line":99,"column":51},"end":{"line":104,"column":null}},"line":99},"14":{"name":"(anonymous_14)","decl":{"start":{"line":101,"column":4},"end":{"line":101,"column":24}},"loc":{"start":{"line":101,"column":35},"end":{"line":104,"column":null}},"line":101},"15":{"name":"(anonymous_15)","decl":{"start":{"line":107,"column":8},"end":{"line":107,"column":29}},"loc":{"start":{"line":107,"column":29},"end":{"line":120,"column":null}},"line":107},"16":{"name":"(anonymous_16)","decl":{"start":{"line":117,"column":4},"end":{"line":117,"column":24}},"loc":{"start":{"line":117,"column":35},"end":{"line":120,"column":null}},"line":117},"17":{"name":"(anonymous_17)","decl":{"start":{"line":123,"column":8},"end":{"line":123,"column":28}},"loc":{"start":{"line":123,"column":49},"end":{"line":126,"column":null}},"line":123},"18":{"name":"(anonymous_18)","decl":{"start":{"line":124,"column":4},"end":{"line":124,"column":24}},"loc":{"start":{"line":124,"column":35},"end":{"line":126,"column":null}},"line":124},"19":{"name":"(anonymous_19)","decl":{"start":{"line":129,"column":8},"end":{"line":129,"column":29}},"loc":{"start":{"line":129,"column":44},"end":{"line":132,"column":null}},"line":129},"20":{"name":"(anonymous_20)","decl":{"start":{"line":130,"column":4},"end":{"line":130,"column":24}},"loc":{"start":{"line":130,"column":35},"end":{"line":132,"column":null}},"line":130},"21":{"name":"(anonymous_21)","decl":{"start":{"line":135,"column":8},"end":{"line":135,"column":29}},"loc":{"start":{"line":135,"column":47},"end":{"line":136,"column":null}},"line":135},"22":{"name":"(anonymous_22)","decl":{"start":{"line":139,"column":8},"end":{"line":139,"column":35}},"loc":{"start":{"line":139,"column":35},"end":{"line":142,"column":null}},"line":139},"23":{"name":"(anonymous_23)","decl":{"start":{"line":140,"column":4},"end":{"line":140,"column":24}},"loc":{"start":{"line":140,"column":35},"end":{"line":142,"column":null}},"line":140},"24":{"name":"(anonymous_24)","decl":{"start":{"line":145,"column":8},"end":{"line":145,"column":37}},"loc":{"start":{"line":145,"column":37},"end":{"line":147,"column":null}},"line":145},"25":{"name":"(anonymous_25)","decl":{"start":{"line":156,"column":8},"end":{"line":156,"column":30}},"loc":{"start":{"line":156,"column":30},"end":{"line":181,"column":null}},"line":156},"26":{"name":"(anonymous_26)","decl":{"start":{"line":202,"column":10},"end":{"line":202,"column":22}},"loc":{"start":{"line":202,"column":32},"end":{"line":204,"column":null}},"line":202}},"branchMap":{"0":{"loc":{"start":{"line":17,"column":24},"end":{"line":17,"column":39}},"type":"binary-expr","locations":[{"start":{"line":17,"column":24},"end":{"line":17,"column":35}},{"start":{"line":17,"column":35},"end":{"line":17,"column":39}}],"line":17},"1":{"loc":{"start":{"line":18,"column":9},"end":{"line":18,"column":null}},"type":"cond-expr","locations":[{"start":{"line":18,"column":50},"end":{"line":18,"column":68}},{"start":{"line":18,"column":71},"end":{"line":18,"column":null}}],"line":18},"2":{"loc":{"start":{"line":18,"column":9},"end":{"line":18,"column":50}},"type":"binary-expr","locations":[{"start":{"line":18,"column":9},"end":{"line":18,"column":32}},{"start":{"line":18,"column":36},"end":{"line":18,"column":50}}],"line":18},"3":{"loc":{"start":{"line":34,"column":21},"end":{"line":34,"column":null}},"type":"cond-expr","locations":[{"start":{"line":34,"column":36},"end":{"line":34,"column":56}},{"start":{"line":34,"column":59},"end":{"line":34,"column":null}}],"line":34},"4":{"loc":{"start":{"line":49,"column":10},"end":{"line":50,"column":null}},"type":"if","locations":[{"start":{"line":49,"column":10},"end":{"line":50,"column":null}},{"start":{},"end":{}}],"line":49},"5":{"loc":{"start":{"line":61,"column":4},"end":{"line":64,"column":null}},"type":"if","locations":[{"start":{"line":61,"column":4},"end":{"line":64,"column":null}},{"start":{},"end":{}}],"line":61},"6":{"loc":{"start":{"line":92,"column":4},"end":{"line":95,"column":null}},"type":"if","locations":[{"start":{"line":92,"column":4},"end":{"line":95,"column":null}},{"start":{},"end":{}}],"line":92},"7":{"loc":{"start":{"line":92,"column":8},"end":{"line":92,"column":54}},"type":"binary-expr","locations":[{"start":{"line":92,"column":8},"end":{"line":92,"column":29}},{"start":{"line":92,"column":29},"end":{"line":92,"column":43}},{"start":{"line":92,"column":43},"end":{"line":92,"column":54}}],"line":92},"8":{"loc":{"start":{"line":110,"column":4},"end":{"line":111,"column":null}},"type":"if","locations":[{"start":{"line":110,"column":4},"end":{"line":111,"column":null}},{"start":{},"end":{}}],"line":110},"9":{"loc":{"start":{"line":146,"column":4},"end":{"line":147,"column":null}},"type":"if","locations":[{"start":{"line":146,"column":4},"end":{"line":147,"column":null}},{"start":{},"end":{}}],"line":146},"10":{"loc":{"start":{"line":151,"column":25},"end":{"line":151,"column":null}},"type":"binary-expr","locations":[{"start":{"line":151,"column":25},"end":{"line":151,"column":39}},{"start":{"line":151,"column":39},"end":{"line":151,"column":56}},{"start":{"line":151,"column":56},"end":{"line":151,"column":null}}],"line":151},"11":{"loc":{"start":{"line":157,"column":4},"end":{"line":158,"column":null}},"type":"if","locations":[{"start":{"line":157,"column":4},"end":{"line":158,"column":null}},{"start":{},"end":{}}],"line":157},"12":{"loc":{"start":{"line":161,"column":4},"end":{"line":162,"column":null}},"type":"if","locations":[{"start":{"line":161,"column":4},"end":{"line":162,"column":null}},{"start":{},"end":{}}],"line":161},"13":{"loc":{"start":{"line":170,"column":21},"end":{"line":170,"column":null}},"type":"cond-expr","locations":[{"start":{"line":170,"column":55},"end":{"line":170,"column":62}},{"start":{"line":170,"column":62},"end":{"line":170,"column":null}}],"line":170},"14":{"loc":{"start":{"line":170,"column":34},"end":{"line":170,"column":52}},"type":"binary-expr","locations":[{"start":{"line":170,"column":34},"end":{"line":170,"column":48}},{"start":{"line":170,"column":48},"end":{"line":170,"column":52}}],"line":170},"15":{"loc":{"start":{"line":174,"column":9},"end":{"line":181,"column":null}},"type":"binary-expr","locations":[{"start":{"line":174,"column":9},"end":{"line":174,"column":null}},{"start":{"line":175,"column":10},"end":{"line":181,"column":null}}],"line":174},"16":{"loc":{"start":{"line":195,"column":33},"end":{"line":195,"column":null}},"type":"cond-expr","locations":[{"start":{"line":195,"column":50},"end":{"line":195,"column":69}},{"start":{"line":195,"column":69},"end":{"line":195,"column":null}}],"line":195},"17":{"loc":{"start":{"line":203,"column":12},"end":{"line":204,"column":null}},"type":"if","locations":[{"start":{"line":203,"column":12},"end":{"line":204,"column":null}},{"start":{},"end":{}}],"line":203},"18":{"loc":{"start":{"line":203,"column":16},"end":{"line":203,"column":56}},"type":"binary-expr","locations":[{"start":{"line":203,"column":16},"end":{"line":203,"column":42}},{"start":{"line":203,"column":42},"end":{"line":203,"column":56}}],"line":203},"19":{"loc":{"start":{"line":213,"column":21},"end":{"line":213,"column":null}},"type":"cond-expr","locations":[{"start":{"line":213,"column":38},"end":{"line":213,"column":43}},{"start":{"line":213,"column":43},"end":{"line":213,"column":null}}],"line":213}},"s":{"0":1,"1":1,"2":259,"3":259,"4":1,"5":259,"6":259,"7":849,"8":259,"9":849,"10":259,"11":47,"12":259,"13":259,"14":259,"15":259,"16":259,"17":259,"18":259,"19":259,"20":259,"21":259,"22":259,"23":62,"24":62,"25":62,"26":62,"27":0,"28":62,"29":259,"30":44,"31":1,"32":1,"33":259,"34":47,"35":47,"36":47,"37":47,"38":43,"39":43,"40":4,"41":4,"42":4,"43":47,"44":259,"45":47,"46":259,"47":259,"48":137,"49":0,"50":0,"51":259,"52":50,"53":50,"54":50,"55":50,"56":259,"57":8,"58":8,"59":1,"60":7,"61":7,"62":7,"63":7,"64":7,"65":7,"66":259,"67":1,"68":1,"69":259,"70":2,"71":2,"72":259,"73":8,"74":259,"75":1,"76":1,"77":259,"78":3,"79":0,"80":259,"81":259,"82":259,"83":259,"84":259,"85":55,"86":204,"87":15,"88":189,"89":259,"90":0,"91":0},"f":{"0":259,"1":259,"2":849,"3":849,"4":47,"5":62,"6":62,"7":44,"8":1,"9":47,"10":47,"11":137,"12":0,"13":50,"14":50,"15":8,"16":7,"17":1,"18":1,"19":2,"20":2,"21":8,"22":1,"23":1,"24":3,"25":259,"26":0},"b":{"0":[259,2],"1":[259,0],"2":[259,259],"3":[5,254],"4":[0,62],"5":[1,43],"6":[0,137],"7":[137,2,1],"8":[1,7],"9":[0,3],"10":[259,204,189],"11":[55,204],"12":[15,189],"13":[185,4],"14":[189,185],"15":[259,150],"16":[5,254],"17":[0,0],"18":[0,0],"19":[5,254]},"meta":{"lastBranch":20,"lastFunction":27,"lastStatement":92,"seen":{"s:14:27:14:Infinity":0,"s:16:6:18:Infinity":1,"f:16:6:16:19":0,"s:17:17:17:39":2,"b:17:24:17:35:17:35:17:39":0,"s:18:2:18:Infinity":3,"b:18:50:18:68:18:71:18:Infinity":1,"b:18:9:18:32:18:36:18:50":2,"s:21:13:219:Infinity":4,"f:21:13:21:30":1,"s:22:23:22:59":5,"s:23:8:23:79":6,"f:23:29:23:52":2,"s:23:62:23:79":7,"s:24:8:24:77":8,"f:24:24:24:47":3,"s:24:57:24:77":9,"s:25:8:27:Infinity":10,"f:25:21:25:Infinity":4,"s:26:10:26:57":11,"s:29:50:30:39":12,"s:32:15:32:50":13,"s:33:23:33:50":14,"s:34:21:34:Infinity":15,"b:34:36:34:56:34:59:34:Infinity":3,"s:36:21:36:63":16,"s:37:30:37:81":17,"s:38:16:38:51":18,"s:39:16:39:39":19,"s:40:20:40:51":20,"s:41:23:41:54":21,"s:43:8:57:Infinity":22,"f:43:29:43:Infinity":5,"s:45:6:55:Infinity":23,"f:45:6:45:Infinity":6,"s:47:23:47:51":24,"s:48:10:48:Infinity":25,"b:49:10:50:Infinity:undefined:undefined:undefined:undefined":4,"s:49:10:50:Infinity":26,"s:50:12:50:Infinity":27,"s:52:10:52:Infinity":28,"s:60:2:66:Infinity":29,"f:60:2:60:18":7,"b:61:4:64:Infinity:undefined:undefined:undefined:undefined":5,"s:61:4:64:Infinity":30,"s:62:6:64:Infinity":31,"f:62:6:62:26":8,"s:63:8:63:Infinity":32,"s:68:8:83:8":33,"f:68:35:68:42":9,"s:69:4:69:Infinity":34,"s:70:4:70:Infinity":35,"s:72:4:81:Infinity":36,"s:73:21:73:65":37,"s:74:6:74:Infinity":38,"s:75:6:75:Infinity":39,"s:77:6:77:Infinity":40,"s:78:6:78:Infinity":41,"s:79:6:79:Infinity":42,"s:81:6:81:Infinity":43,"s:85:2:87:Infinity":44,"f:85:2:85:18":10,"s:86:4:86:Infinity":45,"s:89:21:89:62":46,"s:91:2:97:Infinity":47,"f:91:2:91:18":11,"b:92:4:95:Infinity:undefined:undefined:undefined:undefined":6,"s:92:4:95:Infinity":48,"b:92:8:92:29:92:29:92:43:92:43:92:54":7,"s:93:6:95:Infinity":49,"f:93:6:93:26":12,"s:94:8:94:Infinity":50,"s:99:8:104:Infinity":51,"f:99:8:99:29":13,"s:100:4:100:Infinity":52,"s:101:4:104:Infinity":53,"f:101:4:101:24":14,"s:102:6:102:Infinity":54,"s:103:6:103:Infinity":55,"s:107:8:120:Infinity":56,"f:107:8:107:29":15,"s:108:26:108:43":57,"b:110:4:111:Infinity:undefined:undefined:undefined:undefined":8,"s:110:4:111:Infinity":58,"s:111:6:111:Infinity":59,"s:114:4:114:Infinity":60,"s:115:4:115:Infinity":61,"s:116:4:116:Infinity":62,"s:117:4:120:Infinity":63,"f:117:4:117:24":16,"s:118:6:118:Infinity":64,"s:119:6:119:Infinity":65,"s:123:8:126:Infinity":66,"f:123:8:123:28":17,"s:124:4:126:Infinity":67,"f:124:4:124:24":18,"s:125:6:125:Infinity":68,"s:129:8:132:Infinity":69,"f:129:8:129:29":19,"s:130:4:132:Infinity":70,"f:130:4:130:24":20,"s:131:6:131:Infinity":71,"s:135:8:136:Infinity":72,"f:135:8:135:29":21,"s:136:4:136:Infinity":73,"s:139:8:142:Infinity":74,"f:139:8:139:35":22,"s:140:4:142:Infinity":75,"f:140:4:140:24":23,"s:141:6:141:Infinity":76,"s:145:8:147:Infinity":77,"f:145:8:145:37":24,"b:146:4:147:Infinity:undefined:undefined:undefined:undefined":9,"s:146:4:147:Infinity":78,"s:147:6:147:Infinity":79,"s:151:25:151:Infinity":80,"b:151:25:151:39:151:39:151:56:151:56:151:Infinity":10,"s:152:25:152:46":81,"s:154:24:154:55":82,"s:156:8:181:Infinity":83,"f:156:8:156:30":25,"b:157:4:158:Infinity:undefined:undefined:undefined:undefined":11,"s:157:4:158:Infinity":84,"s:158:6:158:Infinity":85,"b:161:4:162:Infinity:undefined:undefined:undefined:undefined":12,"s:161:4:162:Infinity":86,"s:162:6:162:Infinity":87,"s:165:4:181:Infinity":88,"b:170:55:170:62:170:62:170:Infinity":13,"b:170:34:170:48:170:48:170:52":14,"b:174:9:174:Infinity:175:10:181:Infinity":15,"s:185:2:219:Infinity":89,"b:195:50:195:69:195:69:195:Infinity":16,"f:202:10:202:22":26,"b:203:12:204:Infinity:undefined:undefined:undefined:undefined":17,"s:203:12:204:Infinity":90,"b:203:16:203:42:203:42:203:56":18,"s:204:14:204:Infinity":91,"b:213:38:213:43:213:43:213:Infinity":19}}}
,"C:\\Users\\Lenovo\\Desktop\\state- management\\src\\pages\\NotFoundPage.tsx": {"path":"C:\\Users\\Lenovo\\Desktop\\state- management\\src\\pages\\NotFoundPage.tsx","statementMap":{"0":{"start":{"line":4,"column":13},"end":{"line":21,"column":null}},"1":{"start":{"line":5,"column":2},"end":{"line":21,"column":null}}},"fnMap":{"0":{"name":"(anonymous_0)","decl":{"start":{"line":4,"column":13},"end":{"line":4,"column":null}},"loc":{"start":{"line":5,"column":2},"end":{"line":21,"column":null}},"line":5}},"branchMap":{},"s":{"0":1,"1":1},"f":{"0":1},"b":{},"meta":{"lastBranch":0,"lastFunction":1,"lastStatement":2,"seen":{"s:4:13:21:Infinity":0,"f:4:13:4:Infinity":0,"s:5:2:21:Infinity":1}}}
,"C:\\Users\\Lenovo\\Desktop\\state- management\\src\\store\\selectedItemsStore.ts": {"path":"C:\\Users\\Lenovo\\Desktop\\state- management\\src\\store\\selectedItemsStore.ts","statementMap":{"0":{"start":{"line":11,"column":13},"end":{"line":25,"column":3}},"1":{"start":{"line":11,"column":79},"end":{"line":25,"column":3}},"2":{"start":{"line":14,"column":4},"end":{"line":22,"column":null}},"3":{"start":{"line":15,"column":19},"end":{"line":15,"column":45}},"4":{"start":{"line":16,"column":6},"end":{"line":19,"column":null}},"5":{"start":{"line":17,"column":8},"end":{"line":17,"column":null}},"6":{"start":{"line":19,"column":8},"end":{"line":19,"column":null}},"7":{"start":{"line":21,"column":6},"end":{"line":21,"column":null}},"8":{"start":{"line":23,"column":18},"end":{"line":23,"column":44}},"9":{"start":{"line":24,"column":22},"end":{"line":24,"column":null}},"10":{"start":{"line":27,"column":13},"end":{"line":28,"column":null}},"11":{"start":{"line":28,"column":2},"end":{"line":28,"column":null}}},"fnMap":{"0":{"name":"(anonymous_0)","decl":{"start":{"line":11,"column":37},"end":{"line":11,"column":65}},"loc":{"start":{"line":11,"column":79},"end":{"line":25,"column":3}},"line":11},"1":{"name":"(anonymous_1)","decl":{"start":{"line":13,"column":2},"end":{"line":13,"column":15}},"loc":{"start":{"line":14,"column":4},"end":{"line":22,"column":null}},"line":14},"2":{"name":"(anonymous_2)","decl":{"start":{"line":14,"column":4},"end":{"line":14,"column":9}},"loc":{"start":{"line":14,"column":19},"end":{"line":22,"column":null}},"line":14},"3":{"name":"(anonymous_3)","decl":{"start":{"line":23,"column":2},"end":{"line":23,"column":18}},"loc":{"start":{"line":23,"column":18},"end":{"line":23,"column":44}},"line":23},"4":{"name":"(anonymous_4)","decl":{"start":{"line":24,"column":2},"end":{"line":24,"column":15}},"loc":{"start":{"line":24,"column":22},"end":{"line":24,"column":null}},"line":24},"5":{"name":"(anonymous_5)","decl":{"start":{"line":27,"column":13},"end":{"line":27,"column":41}},"loc":{"start":{"line":28,"column":2},"end":{"line":28,"column":null}},"line":28}},"branchMap":{"0":{"loc":{"start":{"line":16,"column":6},"end":{"line":19,"column":null}},"type":"if","locations":[{"start":{"line":16,"column":6},"end":{"line":19,"column":null}},{"start":{"line":18,"column":13},"end":{"line":19,"column":null}}],"line":16}},"s":{"0":3,"1":3,"2":15,"3":15,"4":15,"5":2,"6":13,"7":15,"8":3,"9":6,"10":3,"11":0},"f":{"0":3,"1":15,"2":15,"3":3,"4":6,"5":0},"b":{"0":[2,13]},"meta":{"lastBranch":1,"lastFunction":6,"lastStatement":12,"seen":{"s:11:13:25:3":0,"f:11:37:11:65":0,"s:11:79:25:3":1,"f:13:2:13:15":1,"s:14:4:22:Infinity":2,"f:14:4:14:9":2,"s:15:19:15:45":3,"b:16:6:19:Infinity:18:13:19:Infinity":0,"s:16:6:19:Infinity":4,"s:17:8:17:Infinity":5,"s:19:8:19:Infinity":6,"s:21:6:21:Infinity":7,"f:23:2:23:18":3,"s:23:18:23:44":8,"f:24:2:24:15":4,"s:24:22:24:Infinity":9,"s:27:13:28:Infinity":10,"f:27:13:27:41":5,"s:28:2:28:Infinity":11}}}
,"C:\\Users\\Lenovo\\Desktop\\state- management\\src\\utils\\downloadCsv.ts": {"path":"C:\\Users\\Lenovo\\Desktop\\state- management\\src\\utils\\downloadCsv.ts","statementMap":{"0":{"start":{"line":4,"column":6},"end":{"line":8,"column":null}},"1":{"start":{"line":5,"column":2},"end":{"line":6,"column":null}},"2":{"start":{"line":6,"column":4},"end":{"line":6,"column":null}},"3":{"start":{"line":8,"column":2},"end":{"line":8,"column":null}},"4":{"start":{"line":11,"column":6},"end":{"line":18,"column":null}},"5":{"start":{"line":12,"column":8},"end":{"line":12,"column":55}},"6":{"start":{"line":13,"column":2},"end":{"line":18,"column":null}},"7":{"start":{"line":21,"column":13},"end":{"line":35,"column":null}},"8":{"start":{"line":22,"column":2},"end":{"line":23,"column":null}},"9":{"start":{"line":23,"column":4},"end":{"line":23,"column":null}},"10":{"start":{"line":26,"column":17},"end":{"line":26,"column":null}},"11":{"start":{"line":27,"column":15},"end":{"line":27,"column":41}},"12":{"start":{"line":28,"column":21},"end":{"line":28,"column":49}},"13":{"start":{"line":29,"column":15},"end":{"line":29,"column":74}},"14":{"start":{"line":30,"column":20},"end":{"line":30,"column":45}},"15":{"start":{"line":31,"column":15},"end":{"line":31,"column":42}},"16":{"start":{"line":32,"column":2},"end":{"line":32,"column":null}},"17":{"start":{"line":33,"column":2},"end":{"line":33,"column":null}},"18":{"start":{"line":34,"column":2},"end":{"line":34,"column":null}},"19":{"start":{"line":35,"column":2},"end":{"line":35,"column":null}}},"fnMap":{"0":{"name":"(anonymous_0)","decl":{"start":{"line":4,"column":6},"end":{"line":4,"column":24}},"loc":{"start":{"line":4,"column":50},"end":{"line":8,"column":null}},"line":4},"1":{"name":"(anonymous_1)","decl":{"start":{"line":11,"column":6},"end":{"line":11,"column":25}},"loc":{"start":{"line":11,"column":54},"end":{"line":18,"column":null}},"line":11},"2":{"name":"(anonymous_2)","decl":{"start":{"line":21,"column":13},"end":{"line":21,"column":43}},"loc":{"start":{"line":21,"column":70},"end":{"line":35,"column":null}},"line":21}},"branchMap":{"0":{"loc":{"start":{"line":5,"column":2},"end":{"line":6,"column":null}},"type":"if","locations":[{"start":{"line":5,"column":2},"end":{"line":6,"column":null}},{"start":{},"end":{}}],"line":5},"1":{"loc":{"start":{"line":22,"column":2},"end":{"line":23,"column":null}},"type":"if","locations":[{"start":{"line":22,"column":2},"end":{"line":23,"column":null}},{"start":{},"end":{}}],"line":22}},"s":{"0":1,"1":6,"2":0,"3":6,"4":1,"5":2,"6":2,"7":1,"8":2,"9":1,"10":1,"11":1,"12":1,"13":1,"14":1,"15":1,"16":1,"17":1,"18":1,"19":1},"f":{"0":6,"1":2,"2":2},"b":{"0":[0,6],"1":[1,1]},"meta":{"lastBranch":2,"lastFunction":3,"lastStatement":20,"seen":{"s:4:6:8:Infinity":0,"f:4:6:4:24":0,"b:5:2:6:Infinity:undefined:undefined:undefined:undefined":0,"s:5:2:6:Infinity":1,"s:6:4:6:Infinity":2,"s:8:2:8:Infinity":3,"s:11:6:18:Infinity":4,"f:11:6:11:25":1,"s:12:8:12:55":5,"s:13:2:18:Infinity":6,"s:21:13:35:Infinity":7,"f:21:13:21:43":2,"b:22:2:23:Infinity:undefined:undefined:undefined:undefined":1,"s:22:2:23:Infinity":8,"s:23:4:23:Infinity":9,"s:26:17:26:Infinity":10,"s:27:15:27:41":11,"s:28:21:28:49":12,"s:29:15:29:74":13,"s:30:20:30:45":14,"s:31:15:31:42":15,"s:32:2:32:Infinity":16,"s:33:2:33:Infinity":17,"s:34:2:34:Infinity":18,"s:35:2:35:Infinity":19}}}
,"C:\\Users\\Lenovo\\Desktop\\state- management\\src\\utils\\productDetailsUrl.ts": {"path":"C:\\Users\\Lenovo\\Desktop\\state- management\\src\\utils\\productDetailsUrl.ts","statementMap":{"0":{"start":{"line":1,"column":13},"end":{"line":5,"column":null}},"1":{"start":{"line":2,"column":14},"end":{"line":2,"column":45}},"2":{"start":{"line":3,"column":2},"end":{"line":3,"column":null}},"3":{"start":{"line":4,"column":2},"end":{"line":4,"column":null}},"4":{"start":{"line":5,"column":2},"end":{"line":5,"column":null}}},"fnMap":{"0":{"name":"(anonymous_0)","decl":{"start":{"line":1,"column":13},"end":{"line":1,"column":39}},"loc":{"start":{"line":1,"column":79},"end":{"line":5,"column":null}},"line":1}},"branchMap":{"0":{"loc":{"start":{"line":1,"column":58},"end":{"line":1,"column":79}},"type":"default-arg","locations":[{"start":{"line":1,"column":65},"end":{"line":1,"column":79}}],"line":1}},"s":{"0":2,"1":3,"2":3,"3":3,"4":3},"f":{"0":3},"b":{"0":[3]},"meta":{"lastBranch":1,"lastFunction":1,"lastStatement":5,"seen":{"s:1:13:5:Infinity":0,"f:1:13:1:39":0,"b:1:65:1:79":0,"s:2:14:2:45":1,"s:3:2:3:Infinity":2,"s:4:2:4:Infinity":3,"s:5:2:5:Infinity":4}}}
}
